d:\pierre\packagefetalmri\chuv\fetalmribis\mevisfetalmri\mruser\sources\ml\chuvtools\tmp\release\obj\chuvtoolsinit.obj
d:\pierre\packagefetalmri\chuv\fetalmribis\mevisfetalmri\mruser\sources\ml\chuvtools\tmp\release\obj\mlmialorientimage.obj
d:\pierre\packagefetalmri\chuv\fetalmribis\mevisfetalmri\mruser\sources\ml\chuvtools\tmp\release\obj\vc140.pdb
d:\pierre\packagefetalmri\chuv\fetalmribis\mevisfetalmri\mruser\sources\ml\chuvtools\tmp\.#chuvtools.vcxproj
d:\pierre\packagefetalmri\chuv\fetalmribis\mevisfetalmri\mruser\sources\ml\chuvtools\tmp\release\obj\chuvtools.lib
d:\pierre\packagefetalmri\chuv\fetalmribis\mevisfetalmri\mruser\sources\ml\chuvtools\tmp\release\obj\chuvtools.exp
d:\pierre\packagefetalmri\chuv\fetalmribis\mevisfetalmri\mruser\sources\ml\chuvtools\tmp\release\obj\chuvtools.tlog\cl.command.1.tlog
d:\pierre\packagefetalmri\chuv\fetalmribis\mevisfetalmri\mruser\sources\ml\chuvtools\tmp\release\obj\chuvtools.tlog\cl.read.1.tlog
d:\pierre\packagefetalmri\chuv\fetalmribis\mevisfetalmri\mruser\sources\ml\chuvtools\tmp\release\obj\chuvtools.tlog\cl.write.1.tlog
d:\pierre\packagefetalmri\chuv\fetalmribis\mevisfetalmri\mruser\sources\ml\chuvtools\tmp\release\obj\chuvtools.tlog\custombuild.command.1.tlog
d:\pierre\packagefetalmri\chuv\fetalmribis\mevisfetalmri\mruser\sources\ml\chuvtools\tmp\release\obj\chuvtools.tlog\custombuild.read.1.tlog
d:\pierre\packagefetalmri\chuv\fetalmribis\mevisfetalmri\mruser\sources\ml\chuvtools\tmp\release\obj\chuvtools.tlog\custombuild.write.1.tlog
d:\pierre\packagefetalmri\chuv\fetalmribis\mevisfetalmri\mruser\sources\ml\chuvtools\tmp\release\obj\chuvtools.tlog\lib-link.read.1.tlog
d:\pierre\packagefetalmri\chuv\fetalmribis\mevisfetalmri\mruser\sources\ml\chuvtools\tmp\release\obj\chuvtools.tlog\lib-link.write.1.tlog
d:\pierre\packagefetalmri\chuv\fetalmribis\mevisfetalmri\mruser\sources\ml\chuvtools\tmp\release\obj\chuvtools.tlog\lib.command.1.tlog
d:\pierre\packagefetalmri\chuv\fetalmribis\mevisfetalmri\mruser\sources\ml\chuvtools\tmp\release\obj\chuvtools.tlog\link-cvtres.read.1.tlog
d:\pierre\packagefetalmri\chuv\fetalmribis\mevisfetalmri\mruser\sources\ml\chuvtools\tmp\release\obj\chuvtools.tlog\link-cvtres.write.1.tlog
d:\pierre\packagefetalmri\chuv\fetalmribis\mevisfetalmri\mruser\sources\ml\chuvtools\tmp\release\obj\chuvtools.tlog\link-rc.read.1.tlog
d:\pierre\packagefetalmri\chuv\fetalmribis\mevisfetalmri\mruser\sources\ml\chuvtools\tmp\release\obj\chuvtools.tlog\link-rc.write.1.tlog
d:\pierre\packagefetalmri\chuv\fetalmribis\mevisfetalmri\mruser\sources\ml\chuvtools\tmp\release\obj\chuvtools.tlog\link.command.1.tlog
d:\pierre\packagefetalmri\chuv\fetalmribis\mevisfetalmri\mruser\sources\ml\chuvtools\tmp\release\obj\chuvtools.tlog\link.read.1.tlog
d:\pierre\packagefetalmri\chuv\fetalmribis\mevisfetalmri\mruser\sources\ml\chuvtools\tmp\release\obj\chuvtools.tlog\link.write.1.tlog
