  mlmevisbtkDenoising.cpp
mlmevisbtkDenoising.cpp(91): warning C4305: 'argument': truncation from 'double' to 'float'
mlmevisbtkDenoising.cpp(297): warning C4267: 'initializing': conversion from 'size_t' to 'unsigned int', possible loss of data
mlmevisbtkDenoising.cpp(300): warning C4456: declaration of 'iterIm' hides previous local declaration
  mlmevisbtkDenoising.cpp(297): note: see declaration of 'iterIm'
mlmevisbtkDenoising.cpp(297): warning C4189: 'iterIm': local variable is initialized but not referenced
mlmevisbtkDenoising.cpp(299): warning C4101: 'iterIm': unreferenced local variable
mialsrtkOrientImageWrapper.lib(mialsrtkOrientImageWrapper.obj) : error LNK2038: mismatch detected for '_ITERATOR_DEBUG_LEVEL': value '0' doesn't match value '2' in CHUVToolsInit.obj
mialsrtkOrientImageWrapper.lib(mialsrtkOrientImageWrapper.obj) : error LNK2038: mismatch detected for 'RuntimeLibrary': value 'MD_DynamicRelease' doesn't match value 'MDd_DynamicDebug' in CHUVToolsInit.obj
btkNLMDenoisingWrapperLib.lib(btkNLMDenoisingWrapper.obj) : error LNK2038: mismatch detected for '_ITERATOR_DEBUG_LEVEL': value '0' doesn't match value '2' in CHUVToolsInit.obj
btkNLMDenoisingWrapperLib.lib(btkNLMDenoisingWrapper.obj) : error LNK2038: mismatch detected for 'RuntimeLibrary': value 'MD_DynamicRelease' doesn't match value 'MDd_DynamicDebug' in CHUVToolsInit.obj
ITKIOJPEG-4.13.lib(itkJPEGImageIOFactory.obj) : error LNK2038: mismatch detected for '_ITERATOR_DEBUG_LEVEL': value '0' doesn't match value '2' in CHUVToolsInit.obj
ITKIOJPEG-4.13.lib(itkJPEGImageIOFactory.obj) : error LNK2038: mismatch detected for 'RuntimeLibrary': value 'MD_DynamicRelease' doesn't match value 'MDd_DynamicDebug' in CHUVToolsInit.obj
ITKIOJPEG-4.13.lib(itkJPEGImageIO.obj) : error LNK2038: mismatch detected for '_ITERATOR_DEBUG_LEVEL': value '0' doesn't match value '2' in CHUVToolsInit.obj
ITKIOJPEG-4.13.lib(itkJPEGImageIO.obj) : error LNK2038: mismatch detected for 'RuntimeLibrary': value 'MD_DynamicRelease' doesn't match value 'MDd_DynamicDebug' in CHUVToolsInit.obj
ITKCommon-4.13.lib(itkLightObject.obj) : error LNK2038: mismatch detected for '_ITERATOR_DEBUG_LEVEL': value '0' doesn't match value '2' in CHUVToolsInit.obj
ITKCommon-4.13.lib(itkLightObject.obj) : error LNK2038: mismatch detected for 'RuntimeLibrary': value 'MD_DynamicRelease' doesn't match value 'MDd_DynamicDebug' in CHUVToolsInit.obj
ITKCommon-4.13.lib(itkObject.obj) : error LNK2038: mismatch detected for '_ITERATOR_DEBUG_LEVEL': value '0' doesn't match value '2' in CHUVToolsInit.obj
ITKCommon-4.13.lib(itkObject.obj) : error LNK2038: mismatch detected for 'RuntimeLibrary': value 'MD_DynamicRelease' doesn't match value 'MDd_DynamicDebug' in CHUVToolsInit.obj
ITKCommon-4.13.lib(itkCreateObjectFunction.obj) : error LNK2038: mismatch detected for '_ITERATOR_DEBUG_LEVEL': value '0' doesn't match value '2' in CHUVToolsInit.obj
ITKCommon-4.13.lib(itkCreateObjectFunction.obj) : error LNK2038: mismatch detected for 'RuntimeLibrary': value 'MD_DynamicRelease' doesn't match value 'MDd_DynamicDebug' in CHUVToolsInit.obj
ITKCommon-4.13.lib(itkObjectFactoryBase.obj) : error LNK2038: mismatch detected for '_ITERATOR_DEBUG_LEVEL': value '0' doesn't match value '2' in CHUVToolsInit.obj
ITKCommon-4.13.lib(itkObjectFactoryBase.obj) : error LNK2038: mismatch detected for 'RuntimeLibrary': value 'MD_DynamicRelease' doesn't match value 'MDd_DynamicDebug' in CHUVToolsInit.obj
ITKCommon-4.13.lib(itkExceptionObject.obj) : error LNK2038: mismatch detected for '_ITERATOR_DEBUG_LEVEL': value '0' doesn't match value '2' in CHUVToolsInit.obj
ITKCommon-4.13.lib(itkExceptionObject.obj) : error LNK2038: mismatch detected for 'RuntimeLibrary': value 'MD_DynamicRelease' doesn't match value 'MDd_DynamicDebug' in CHUVToolsInit.obj
ITKCommon-4.13.lib(itkIndent.obj) : error LNK2038: mismatch detected for '_ITERATOR_DEBUG_LEVEL': value '0' doesn't match value '2' in CHUVToolsInit.obj
ITKCommon-4.13.lib(itkIndent.obj) : error LNK2038: mismatch detected for 'RuntimeLibrary': value 'MD_DynamicRelease' doesn't match value 'MDd_DynamicDebug' in CHUVToolsInit.obj
ITKCommon-4.13.lib(itkLightProcessObject.obj) : error LNK2038: mismatch detected for '_ITERATOR_DEBUG_LEVEL': value '0' doesn't match value '2' in CHUVToolsInit.obj
ITKCommon-4.13.lib(itkLightProcessObject.obj) : error LNK2038: mismatch detected for 'RuntimeLibrary': value 'MD_DynamicRelease' doesn't match value 'MDd_DynamicDebug' in CHUVToolsInit.obj
ITKCommon-4.13.lib(itkImageIORegion.obj) : error LNK2038: mismatch detected for '_ITERATOR_DEBUG_LEVEL': value '0' doesn't match value '2' in CHUVToolsInit.obj
ITKCommon-4.13.lib(itkImageIORegion.obj) : error LNK2038: mismatch detected for 'RuntimeLibrary': value 'MD_DynamicRelease' doesn't match value 'MDd_DynamicDebug' in CHUVToolsInit.obj
ITKCommon-4.13.lib(itkOutputWindow.obj) : error LNK2038: mismatch detected for '_ITERATOR_DEBUG_LEVEL': value '0' doesn't match value '2' in CHUVToolsInit.obj
ITKCommon-4.13.lib(itkOutputWindow.obj) : error LNK2038: mismatch detected for 'RuntimeLibrary': value 'MD_DynamicRelease' doesn't match value 'MDd_DynamicDebug' in CHUVToolsInit.obj
ITKCommon-4.13.lib(itkTimeStamp.obj) : error LNK2038: mismatch detected for '_ITERATOR_DEBUG_LEVEL': value '0' doesn't match value '2' in CHUVToolsInit.obj
ITKCommon-4.13.lib(itkTimeStamp.obj) : error LNK2038: mismatch detected for 'RuntimeLibrary': value 'MD_DynamicRelease' doesn't match value 'MDd_DynamicDebug' in CHUVToolsInit.obj
ITKCommon-4.13.lib(itkEventObject.obj) : error LNK2038: mismatch detected for '_ITERATOR_DEBUG_LEVEL': value '0' doesn't match value '2' in CHUVToolsInit.obj
ITKCommon-4.13.lib(itkEventObject.obj) : error LNK2038: mismatch detected for 'RuntimeLibrary': value 'MD_DynamicRelease' doesn't match value 'MDd_DynamicDebug' in CHUVToolsInit.obj
ITKCommon-4.13.lib(itkMetaDataDictionary.obj) : error LNK2038: mismatch detected for '_ITERATOR_DEBUG_LEVEL': value '0' doesn't match value '2' in CHUVToolsInit.obj
ITKCommon-4.13.lib(itkMetaDataDictionary.obj) : error LNK2038: mismatch detected for 'RuntimeLibrary': value 'MD_DynamicRelease' doesn't match value 'MDd_DynamicDebug' in CHUVToolsInit.obj
ITKCommon-4.13.lib(itkDynamicLoader.obj) : error LNK2038: mismatch detected for '_ITERATOR_DEBUG_LEVEL': value '0' doesn't match value '2' in CHUVToolsInit.obj
ITKCommon-4.13.lib(itkDynamicLoader.obj) : error LNK2038: mismatch detected for 'RuntimeLibrary': value 'MD_DynamicRelease' doesn't match value 'MDd_DynamicDebug' in CHUVToolsInit.obj
ITKCommon-4.13.lib(itkDirectory.obj) : error LNK2038: mismatch detected for '_ITERATOR_DEBUG_LEVEL': value '0' doesn't match value '2' in CHUVToolsInit.obj
ITKCommon-4.13.lib(itkDirectory.obj) : error LNK2038: mismatch detected for 'RuntimeLibrary': value 'MD_DynamicRelease' doesn't match value 'MDd_DynamicDebug' in CHUVToolsInit.obj
ITKCommon-4.13.lib(itkVersion.obj) : error LNK2038: mismatch detected for '_ITERATOR_DEBUG_LEVEL': value '0' doesn't match value '2' in CHUVToolsInit.obj
ITKCommon-4.13.lib(itkVersion.obj) : error LNK2038: mismatch detected for 'RuntimeLibrary': value 'MD_DynamicRelease' doesn't match value 'MDd_DynamicDebug' in CHUVToolsInit.obj
ITKCommon-4.13.lib(itkRegion.obj) : error LNK2038: mismatch detected for '_ITERATOR_DEBUG_LEVEL': value '0' doesn't match value '2' in CHUVToolsInit.obj
ITKCommon-4.13.lib(itkRegion.obj) : error LNK2038: mismatch detected for 'RuntimeLibrary': value 'MD_DynamicRelease' doesn't match value 'MDd_DynamicDebug' in CHUVToolsInit.obj
ITKCommon-4.13.lib(itkWin32OutputWindow.obj) : error LNK2038: mismatch detected for '_ITERATOR_DEBUG_LEVEL': value '0' doesn't match value '2' in CHUVToolsInit.obj
ITKCommon-4.13.lib(itkWin32OutputWindow.obj) : error LNK2038: mismatch detected for 'RuntimeLibrary': value 'MD_DynamicRelease' doesn't match value 'MDd_DynamicDebug' in CHUVToolsInit.obj
ITKIOLSM-4.13.lib(itkLSMImageIOFactory.obj) : error LNK2038: mismatch detected for '_ITERATOR_DEBUG_LEVEL': value '0' doesn't match value '2' in CHUVToolsInit.obj
ITKIOLSM-4.13.lib(itkLSMImageIOFactory.obj) : error LNK2038: mismatch detected for 'RuntimeLibrary': value 'MD_DynamicRelease' doesn't match value 'MDd_DynamicDebug' in CHUVToolsInit.obj
ITKIOLSM-4.13.lib(itkLSMImageIO.obj) : error LNK2038: mismatch detected for '_ITERATOR_DEBUG_LEVEL': value '0' doesn't match value '2' in CHUVToolsInit.obj
ITKIOLSM-4.13.lib(itkLSMImageIO.obj) : error LNK2038: mismatch detected for 'RuntimeLibrary': value 'MD_DynamicRelease' doesn't match value 'MDd_DynamicDebug' in CHUVToolsInit.obj
ITKIOMINC-4.13.lib(itkMINCImageIOFactory.obj) : error LNK2038: mismatch detected for '_ITERATOR_DEBUG_LEVEL': value '0' doesn't match value '2' in CHUVToolsInit.obj
ITKIOMINC-4.13.lib(itkMINCImageIOFactory.obj) : error LNK2038: mismatch detected for 'RuntimeLibrary': value 'MD_DynamicRelease' doesn't match value 'MDd_DynamicDebug' in CHUVToolsInit.obj
ITKIOMINC-4.13.lib(itkMINCImageIO.obj) : error LNK2038: mismatch detected for '_ITERATOR_DEBUG_LEVEL': value '0' doesn't match value '2' in CHUVToolsInit.obj
ITKIOMINC-4.13.lib(itkMINCImageIO.obj) : error LNK2038: mismatch detected for 'RuntimeLibrary': value 'MD_DynamicRelease' doesn't match value 'MDd_DynamicDebug' in CHUVToolsInit.obj
ITKIOMRC-4.13.lib(itkMRCImageIOFactory.obj) : error LNK2038: mismatch detected for '_ITERATOR_DEBUG_LEVEL': value '0' doesn't match value '2' in CHUVToolsInit.obj
ITKIOMRC-4.13.lib(itkMRCImageIOFactory.obj) : error LNK2038: mismatch detected for 'RuntimeLibrary': value 'MD_DynamicRelease' doesn't match value 'MDd_DynamicDebug' in CHUVToolsInit.obj
ITKIOMRC-4.13.lib(itkMRCImageIO.obj) : error LNK2038: mismatch detected for '_ITERATOR_DEBUG_LEVEL': value '0' doesn't match value '2' in CHUVToolsInit.obj
ITKIOMRC-4.13.lib(itkMRCImageIO.obj) : error LNK2038: mismatch detected for 'RuntimeLibrary': value 'MD_DynamicRelease' doesn't match value 'MDd_DynamicDebug' in CHUVToolsInit.obj
ITKIOMRC-4.13.lib(itkMRCHeaderObject.obj) : error LNK2038: mismatch detected for '_ITERATOR_DEBUG_LEVEL': value '0' doesn't match value '2' in CHUVToolsInit.obj
ITKIOMRC-4.13.lib(itkMRCHeaderObject.obj) : error LNK2038: mismatch detected for 'RuntimeLibrary': value 'MD_DynamicRelease' doesn't match value 'MDd_DynamicDebug' in CHUVToolsInit.obj
ITKIOMeta-4.13.lib(itkMetaImageIOFactory.obj) : error LNK2038: mismatch detected for '_ITERATOR_DEBUG_LEVEL': value '0' doesn't match value '2' in CHUVToolsInit.obj
ITKIOMeta-4.13.lib(itkMetaImageIOFactory.obj) : error LNK2038: mismatch detected for 'RuntimeLibrary': value 'MD_DynamicRelease' doesn't match value 'MDd_DynamicDebug' in CHUVToolsInit.obj
ITKIOMeta-4.13.lib(itkMetaImageIO.obj) : error LNK2038: mismatch detected for '_ITERATOR_DEBUG_LEVEL': value '0' doesn't match value '2' in CHUVToolsInit.obj
ITKIOMeta-4.13.lib(itkMetaImageIO.obj) : error LNK2038: mismatch detected for 'RuntimeLibrary': value 'MD_DynamicRelease' doesn't match value 'MDd_DynamicDebug' in CHUVToolsInit.obj
ITKIONIFTI-4.13.lib(itkNiftiImageIOFactory.obj) : error LNK2038: mismatch detected for '_ITERATOR_DEBUG_LEVEL': value '0' doesn't match value '2' in CHUVToolsInit.obj
ITKIONIFTI-4.13.lib(itkNiftiImageIOFactory.obj) : error LNK2038: mismatch detected for 'RuntimeLibrary': value 'MD_DynamicRelease' doesn't match value 'MDd_DynamicDebug' in CHUVToolsInit.obj
ITKIONIFTI-4.13.lib(itkNiftiImageIO.obj) : error LNK2038: mismatch detected for '_ITERATOR_DEBUG_LEVEL': value '0' doesn't match value '2' in CHUVToolsInit.obj
ITKIONIFTI-4.13.lib(itkNiftiImageIO.obj) : error LNK2038: mismatch detected for 'RuntimeLibrary': value 'MD_DynamicRelease' doesn't match value 'MDd_DynamicDebug' in CHUVToolsInit.obj
ITKIONRRD-4.13.lib(itkNrrdImageIOFactory.obj) : error LNK2038: mismatch detected for '_ITERATOR_DEBUG_LEVEL': value '0' doesn't match value '2' in CHUVToolsInit.obj
ITKIONRRD-4.13.lib(itkNrrdImageIOFactory.obj) : error LNK2038: mismatch detected for 'RuntimeLibrary': value 'MD_DynamicRelease' doesn't match value 'MDd_DynamicDebug' in CHUVToolsInit.obj
ITKIONRRD-4.13.lib(itkNrrdImageIO.obj) : error LNK2038: mismatch detected for '_ITERATOR_DEBUG_LEVEL': value '0' doesn't match value '2' in CHUVToolsInit.obj
ITKIONRRD-4.13.lib(itkNrrdImageIO.obj) : error LNK2038: mismatch detected for 'RuntimeLibrary': value 'MD_DynamicRelease' doesn't match value 'MDd_DynamicDebug' in CHUVToolsInit.obj
ITKIOPNG-4.13.lib(itkPNGImageIOFactory.obj) : error LNK2038: mismatch detected for '_ITERATOR_DEBUG_LEVEL': value '0' doesn't match value '2' in CHUVToolsInit.obj
ITKIOPNG-4.13.lib(itkPNGImageIOFactory.obj) : error LNK2038: mismatch detected for 'RuntimeLibrary': value 'MD_DynamicRelease' doesn't match value 'MDd_DynamicDebug' in CHUVToolsInit.obj
ITKIOPNG-4.13.lib(itkPNGImageIO.obj) : error LNK2038: mismatch detected for '_ITERATOR_DEBUG_LEVEL': value '0' doesn't match value '2' in CHUVToolsInit.obj
ITKIOPNG-4.13.lib(itkPNGImageIO.obj) : error LNK2038: mismatch detected for 'RuntimeLibrary': value 'MD_DynamicRelease' doesn't match value 'MDd_DynamicDebug' in CHUVToolsInit.obj
ITKIOStimulate-4.13.lib(itkStimulateImageIOFactory.obj) : error LNK2038: mismatch detected for '_ITERATOR_DEBUG_LEVEL': value '0' doesn't match value '2' in CHUVToolsInit.obj
ITKIOStimulate-4.13.lib(itkStimulateImageIOFactory.obj) : error LNK2038: mismatch detected for 'RuntimeLibrary': value 'MD_DynamicRelease' doesn't match value 'MDd_DynamicDebug' in CHUVToolsInit.obj
ITKIOStimulate-4.13.lib(itkStimulateImageIO.obj) : error LNK2038: mismatch detected for '_ITERATOR_DEBUG_LEVEL': value '0' doesn't match value '2' in CHUVToolsInit.obj
ITKIOStimulate-4.13.lib(itkStimulateImageIO.obj) : error LNK2038: mismatch detected for 'RuntimeLibrary': value 'MD_DynamicRelease' doesn't match value 'MDd_DynamicDebug' in CHUVToolsInit.obj
ITKIOTIFF-4.13.lib(itkTIFFImageIOFactory.obj) : error LNK2038: mismatch detected for '_ITERATOR_DEBUG_LEVEL': value '0' doesn't match value '2' in CHUVToolsInit.obj
ITKIOTIFF-4.13.lib(itkTIFFImageIOFactory.obj) : error LNK2038: mismatch detected for 'RuntimeLibrary': value 'MD_DynamicRelease' doesn't match value 'MDd_DynamicDebug' in CHUVToolsInit.obj
ITKIOTIFF-4.13.lib(itkTIFFImageIO.obj) : error LNK2038: mismatch detected for '_ITERATOR_DEBUG_LEVEL': value '0' doesn't match value '2' in CHUVToolsInit.obj
ITKIOTIFF-4.13.lib(itkTIFFImageIO.obj) : error LNK2038: mismatch detected for 'RuntimeLibrary': value 'MD_DynamicRelease' doesn't match value 'MDd_DynamicDebug' in CHUVToolsInit.obj
ITKIOTIFF-4.13.lib(itkTIFFReaderInternal.obj) : error LNK2038: mismatch detected for '_ITERATOR_DEBUG_LEVEL': value '0' doesn't match value '2' in CHUVToolsInit.obj
ITKIOTIFF-4.13.lib(itkTIFFReaderInternal.obj) : error LNK2038: mismatch detected for 'RuntimeLibrary': value 'MD_DynamicRelease' doesn't match value 'MDd_DynamicDebug' in CHUVToolsInit.obj
itksys-4.13.lib(SystemTools.obj) : error LNK2038: mismatch detected for '_ITERATOR_DEBUG_LEVEL': value '0' doesn't match value '2' in CHUVToolsInit.obj
itksys-4.13.lib(SystemTools.obj) : error LNK2038: mismatch detected for 'RuntimeLibrary': value 'MD_DynamicRelease' doesn't match value 'MDd_DynamicDebug' in CHUVToolsInit.obj
itksys-4.13.lib(DynamicLoader.obj) : error LNK2038: mismatch detected for '_ITERATOR_DEBUG_LEVEL': value '0' doesn't match value '2' in CHUVToolsInit.obj
itksys-4.13.lib(DynamicLoader.obj) : error LNK2038: mismatch detected for 'RuntimeLibrary': value 'MD_DynamicRelease' doesn't match value 'MDd_DynamicDebug' in CHUVToolsInit.obj
itksys-4.13.lib(Directory.obj) : error LNK2038: mismatch detected for '_ITERATOR_DEBUG_LEVEL': value '0' doesn't match value '2' in CHUVToolsInit.obj
itksys-4.13.lib(Directory.obj) : error LNK2038: mismatch detected for 'RuntimeLibrary': value 'MD_DynamicRelease' doesn't match value 'MDd_DynamicDebug' in CHUVToolsInit.obj
itksys-4.13.lib(RegularExpression.obj) : error LNK2038: mismatch detected for '_ITERATOR_DEBUG_LEVEL': value '0' doesn't match value '2' in CHUVToolsInit.obj
itksys-4.13.lib(RegularExpression.obj) : error LNK2038: mismatch detected for 'RuntimeLibrary': value 'MD_DynamicRelease' doesn't match value 'MDd_DynamicDebug' in CHUVToolsInit.obj
itksys-4.13.lib(EncodingCXX.obj) : error LNK2038: mismatch detected for '_ITERATOR_DEBUG_LEVEL': value '0' doesn't match value '2' in CHUVToolsInit.obj
itksys-4.13.lib(EncodingCXX.obj) : error LNK2038: mismatch detected for 'RuntimeLibrary': value 'MD_DynamicRelease' doesn't match value 'MDd_DynamicDebug' in CHUVToolsInit.obj
ITKIOBMP-4.13.lib(itkBMPImageIOFactory.obj) : error LNK2038: mismatch detected for '_ITERATOR_DEBUG_LEVEL': value '0' doesn't match value '2' in CHUVToolsInit.obj
ITKIOBMP-4.13.lib(itkBMPImageIOFactory.obj) : error LNK2038: mismatch detected for 'RuntimeLibrary': value 'MD_DynamicRelease' doesn't match value 'MDd_DynamicDebug' in CHUVToolsInit.obj
ITKIOBMP-4.13.lib(itkBMPImageIO.obj) : error LNK2038: mismatch detected for '_ITERATOR_DEBUG_LEVEL': value '0' doesn't match value '2' in CHUVToolsInit.obj
ITKIOBMP-4.13.lib(itkBMPImageIO.obj) : error LNK2038: mismatch detected for 'RuntimeLibrary': value 'MD_DynamicRelease' doesn't match value 'MDd_DynamicDebug' in CHUVToolsInit.obj
ITKIOBioRad-4.13.lib(itkBioRadImageIOFactory.obj) : error LNK2038: mismatch detected for '_ITERATOR_DEBUG_LEVEL': value '0' doesn't match value '2' in CHUVToolsInit.obj
ITKIOBioRad-4.13.lib(itkBioRadImageIOFactory.obj) : error LNK2038: mismatch detected for 'RuntimeLibrary': value 'MD_DynamicRelease' doesn't match value 'MDd_DynamicDebug' in CHUVToolsInit.obj
ITKIOBioRad-4.13.lib(itkBioRadImageIO.obj) : error LNK2038: mismatch detected for '_ITERATOR_DEBUG_LEVEL': value '0' doesn't match value '2' in CHUVToolsInit.obj
ITKIOBioRad-4.13.lib(itkBioRadImageIO.obj) : error LNK2038: mismatch detected for 'RuntimeLibrary': value 'MD_DynamicRelease' doesn't match value 'MDd_DynamicDebug' in CHUVToolsInit.obj
ITKIOBruker-4.13.lib(itkBruker2dseqImageIOFactory.obj) : error LNK2038: mismatch detected for '_ITERATOR_DEBUG_LEVEL': value '0' doesn't match value '2' in CHUVToolsInit.obj
ITKIOBruker-4.13.lib(itkBruker2dseqImageIOFactory.obj) : error LNK2038: mismatch detected for 'RuntimeLibrary': value 'MD_DynamicRelease' doesn't match value 'MDd_DynamicDebug' in CHUVToolsInit.obj
ITKIOBruker-4.13.lib(itkBruker2dseqImageIO.obj) : error LNK2038: mismatch detected for '_ITERATOR_DEBUG_LEVEL': value '0' doesn't match value '2' in CHUVToolsInit.obj
ITKIOBruker-4.13.lib(itkBruker2dseqImageIO.obj) : error LNK2038: mismatch detected for 'RuntimeLibrary': value 'MD_DynamicRelease' doesn't match value 'MDd_DynamicDebug' in CHUVToolsInit.obj
ITKIOVTK-4.13.lib(itkVTKImageIOFactory.obj) : error LNK2038: mismatch detected for '_ITERATOR_DEBUG_LEVEL': value '0' doesn't match value '2' in CHUVToolsInit.obj
ITKIOVTK-4.13.lib(itkVTKImageIOFactory.obj) : error LNK2038: mismatch detected for 'RuntimeLibrary': value 'MD_DynamicRelease' doesn't match value 'MDd_DynamicDebug' in CHUVToolsInit.obj
ITKIOVTK-4.13.lib(itkVTKImageIO.obj) : error LNK2038: mismatch detected for '_ITERATOR_DEBUG_LEVEL': value '0' doesn't match value '2' in CHUVToolsInit.obj
ITKIOVTK-4.13.lib(itkVTKImageIO.obj) : error LNK2038: mismatch detected for 'RuntimeLibrary': value 'MD_DynamicRelease' doesn't match value 'MDd_DynamicDebug' in CHUVToolsInit.obj
itkvnl-4.13.lib(vnl_matrix+double-.obj) : error LNK2038: mismatch detected for '_ITERATOR_DEBUG_LEVEL': value '0' doesn't match value '2' in CHUVToolsInit.obj
itkvnl-4.13.lib(vnl_matrix+double-.obj) : error LNK2038: mismatch detected for 'RuntimeLibrary': value 'MD_DynamicRelease' doesn't match value 'MDd_DynamicDebug' in CHUVToolsInit.obj
itkvnl-4.13.lib(vnl_vector+double-.obj) : error LNK2038: mismatch detected for '_ITERATOR_DEBUG_LEVEL': value '0' doesn't match value '2' in CHUVToolsInit.obj
itkvnl-4.13.lib(vnl_vector+double-.obj) : error LNK2038: mismatch detected for 'RuntimeLibrary': value 'MD_DynamicRelease' doesn't match value 'MDd_DynamicDebug' in CHUVToolsInit.obj
itkvnl-4.13.lib(vnl_vector+int-.obj) : error LNK2038: mismatch detected for '_ITERATOR_DEBUG_LEVEL': value '0' doesn't match value '2' in CHUVToolsInit.obj
itkvnl-4.13.lib(vnl_vector+int-.obj) : error LNK2038: mismatch detected for 'RuntimeLibrary': value 'MD_DynamicRelease' doesn't match value 'MDd_DynamicDebug' in CHUVToolsInit.obj
itkvnl-4.13.lib(vnl_vector+float-.obj) : error LNK2038: mismatch detected for '_ITERATOR_DEBUG_LEVEL': value '0' doesn't match value '2' in CHUVToolsInit.obj
itkvnl-4.13.lib(vnl_vector+float-.obj) : error LNK2038: mismatch detected for 'RuntimeLibrary': value 'MD_DynamicRelease' doesn't match value 'MDd_DynamicDebug' in CHUVToolsInit.obj
itkvnl-4.13.lib(vnl_vector+ushort-.obj) : error LNK2038: mismatch detected for '_ITERATOR_DEBUG_LEVEL': value '0' doesn't match value '2' in CHUVToolsInit.obj
itkvnl-4.13.lib(vnl_vector+ushort-.obj) : error LNK2038: mismatch detected for 'RuntimeLibrary': value 'MD_DynamicRelease' doesn't match value 'MDd_DynamicDebug' in CHUVToolsInit.obj
itkvnl-4.13.lib(vnl_math.obj) : error LNK2038: mismatch detected for '_ITERATOR_DEBUG_LEVEL': value '0' doesn't match value '2' in CHUVToolsInit.obj
itkvnl-4.13.lib(vnl_math.obj) : error LNK2038: mismatch detected for 'RuntimeLibrary': value 'MD_DynamicRelease' doesn't match value 'MDd_DynamicDebug' in CHUVToolsInit.obj
itkvnl-4.13.lib(vnl_c_vector+double-.obj) : error LNK2038: mismatch detected for '_ITERATOR_DEBUG_LEVEL': value '0' doesn't match value '2' in CHUVToolsInit.obj
itkvnl-4.13.lib(vnl_c_vector+double-.obj) : error LNK2038: mismatch detected for 'RuntimeLibrary': value 'MD_DynamicRelease' doesn't match value 'MDd_DynamicDebug' in CHUVToolsInit.obj
itkvnl-4.13.lib(vnl_vector+uint-.obj) : error LNK2038: mismatch detected for '_ITERATOR_DEBUG_LEVEL': value '0' doesn't match value '2' in CHUVToolsInit.obj
itkvnl-4.13.lib(vnl_vector+uint-.obj) : error LNK2038: mismatch detected for 'RuntimeLibrary': value 'MD_DynamicRelease' doesn't match value 'MDd_DynamicDebug' in CHUVToolsInit.obj
itkvnl-4.13.lib(vnl_c_vector+int-.obj) : error LNK2038: mismatch detected for '_ITERATOR_DEBUG_LEVEL': value '0' doesn't match value '2' in CHUVToolsInit.obj
itkvnl-4.13.lib(vnl_c_vector+int-.obj) : error LNK2038: mismatch detected for 'RuntimeLibrary': value 'MD_DynamicRelease' doesn't match value 'MDd_DynamicDebug' in CHUVToolsInit.obj
itkvnl-4.13.lib(vnl_matrix+int-.obj) : error LNK2038: mismatch detected for '_ITERATOR_DEBUG_LEVEL': value '0' doesn't match value '2' in CHUVToolsInit.obj
itkvnl-4.13.lib(vnl_matrix+int-.obj) : error LNK2038: mismatch detected for 'RuntimeLibrary': value 'MD_DynamicRelease' doesn't match value 'MDd_DynamicDebug' in CHUVToolsInit.obj
itkvnl-4.13.lib(vnl_c_vector+float-.obj) : error LNK2038: mismatch detected for '_ITERATOR_DEBUG_LEVEL': value '0' doesn't match value '2' in CHUVToolsInit.obj
itkvnl-4.13.lib(vnl_c_vector+float-.obj) : error LNK2038: mismatch detected for 'RuntimeLibrary': value 'MD_DynamicRelease' doesn't match value 'MDd_DynamicDebug' in CHUVToolsInit.obj
itkvnl-4.13.lib(vnl_matrix+float-.obj) : error LNK2038: mismatch detected for '_ITERATOR_DEBUG_LEVEL': value '0' doesn't match value '2' in CHUVToolsInit.obj
itkvnl-4.13.lib(vnl_matrix+float-.obj) : error LNK2038: mismatch detected for 'RuntimeLibrary': value 'MD_DynamicRelease' doesn't match value 'MDd_DynamicDebug' in CHUVToolsInit.obj
itkvnl-4.13.lib(vnl_c_vector+ushort-.obj) : error LNK2038: mismatch detected for '_ITERATOR_DEBUG_LEVEL': value '0' doesn't match value '2' in CHUVToolsInit.obj
itkvnl-4.13.lib(vnl_c_vector+ushort-.obj) : error LNK2038: mismatch detected for 'RuntimeLibrary': value 'MD_DynamicRelease' doesn't match value 'MDd_DynamicDebug' in CHUVToolsInit.obj
itkvnl-4.13.lib(vnl_matrix+ushort-.obj) : error LNK2038: mismatch detected for '_ITERATOR_DEBUG_LEVEL': value '0' doesn't match value '2' in CHUVToolsInit.obj
itkvnl-4.13.lib(vnl_matrix+ushort-.obj) : error LNK2038: mismatch detected for 'RuntimeLibrary': value 'MD_DynamicRelease' doesn't match value 'MDd_DynamicDebug' in CHUVToolsInit.obj
itkvnl-4.13.lib(vnl_c_vector+uint-.obj) : error LNK2038: mismatch detected for '_ITERATOR_DEBUG_LEVEL': value '0' doesn't match value '2' in CHUVToolsInit.obj
itkvnl-4.13.lib(vnl_c_vector+uint-.obj) : error LNK2038: mismatch detected for 'RuntimeLibrary': value 'MD_DynamicRelease' doesn't match value 'MDd_DynamicDebug' in CHUVToolsInit.obj
itkvnl-4.13.lib(vnl_matrix+uint-.obj) : error LNK2038: mismatch detected for '_ITERATOR_DEBUG_LEVEL': value '0' doesn't match value '2' in CHUVToolsInit.obj
itkvnl-4.13.lib(vnl_matrix+uint-.obj) : error LNK2038: mismatch detected for 'RuntimeLibrary': value 'MD_DynamicRelease' doesn't match value 'MDd_DynamicDebug' in CHUVToolsInit.obj
ITKIOGDCM-4.13.lib(itkGDCMImageIOFactory.obj) : error LNK2038: mismatch detected for '_ITERATOR_DEBUG_LEVEL': value '0' doesn't match value '2' in CHUVToolsInit.obj
ITKIOGDCM-4.13.lib(itkGDCMImageIOFactory.obj) : error LNK2038: mismatch detected for 'RuntimeLibrary': value 'MD_DynamicRelease' doesn't match value 'MDd_DynamicDebug' in CHUVToolsInit.obj
ITKIOGDCM-4.13.lib(itkGDCMImageIO.obj) : error LNK2038: mismatch detected for '_ITERATOR_DEBUG_LEVEL': value '0' doesn't match value '2' in CHUVToolsInit.obj
ITKIOGDCM-4.13.lib(itkGDCMImageIO.obj) : error LNK2038: mismatch detected for 'RuntimeLibrary': value 'MD_DynamicRelease' doesn't match value 'MDd_DynamicDebug' in CHUVToolsInit.obj
itkvnl_algo-4.13.lib(vnl_svd+double-.obj) : error LNK2038: mismatch detected for '_ITERATOR_DEBUG_LEVEL': value '0' doesn't match value '2' in CHUVToolsInit.obj
itkvnl_algo-4.13.lib(vnl_svd+double-.obj) : error LNK2038: mismatch detected for 'RuntimeLibrary': value 'MD_DynamicRelease' doesn't match value 'MDd_DynamicDebug' in CHUVToolsInit.obj
ITKIOGE-4.13.lib(itkGE4ImageIOFactory.obj) : error LNK2038: mismatch detected for '_ITERATOR_DEBUG_LEVEL': value '0' doesn't match value '2' in CHUVToolsInit.obj
ITKIOGE-4.13.lib(itkGE4ImageIOFactory.obj) : error LNK2038: mismatch detected for 'RuntimeLibrary': value 'MD_DynamicRelease' doesn't match value 'MDd_DynamicDebug' in CHUVToolsInit.obj
ITKIOGE-4.13.lib(itkGE5ImageIOFactory.obj) : error LNK2038: mismatch detected for '_ITERATOR_DEBUG_LEVEL': value '0' doesn't match value '2' in CHUVToolsInit.obj
ITKIOGE-4.13.lib(itkGE5ImageIOFactory.obj) : error LNK2038: mismatch detected for 'RuntimeLibrary': value 'MD_DynamicRelease' doesn't match value 'MDd_DynamicDebug' in CHUVToolsInit.obj
ITKIOGE-4.13.lib(itkGE4ImageIO.obj) : error LNK2038: mismatch detected for '_ITERATOR_DEBUG_LEVEL': value '0' doesn't match value '2' in CHUVToolsInit.obj
ITKIOGE-4.13.lib(itkGE4ImageIO.obj) : error LNK2038: mismatch detected for 'RuntimeLibrary': value 'MD_DynamicRelease' doesn't match value 'MDd_DynamicDebug' in CHUVToolsInit.obj
ITKIOGE-4.13.lib(itkGE5ImageIO.obj) : error LNK2038: mismatch detected for '_ITERATOR_DEBUG_LEVEL': value '0' doesn't match value '2' in CHUVToolsInit.obj
ITKIOGE-4.13.lib(itkGE5ImageIO.obj) : error LNK2038: mismatch detected for 'RuntimeLibrary': value 'MD_DynamicRelease' doesn't match value 'MDd_DynamicDebug' in CHUVToolsInit.obj
itkgdcmDICT-4.13.lib(gdcmDicts.obj) : error LNK2038: mismatch detected for '_ITERATOR_DEBUG_LEVEL': value '0' doesn't match value '2' in CHUVToolsInit.obj
itkgdcmDICT-4.13.lib(gdcmDicts.obj) : error LNK2038: mismatch detected for 'RuntimeLibrary': value 'MD_DynamicRelease' doesn't match value 'MDd_DynamicDebug' in CHUVToolsInit.obj
itkgdcmDICT-4.13.lib(gdcmGlobal.obj) : error LNK2038: mismatch detected for '_ITERATOR_DEBUG_LEVEL': value '0' doesn't match value '2' in CHUVToolsInit.obj
itkgdcmDICT-4.13.lib(gdcmGlobal.obj) : error LNK2038: mismatch detected for 'RuntimeLibrary': value 'MD_DynamicRelease' doesn't match value 'MDd_DynamicDebug' in CHUVToolsInit.obj
itkgdcmDICT-4.13.lib(gdcmDefaultDicts.obj) : error LNK2038: mismatch detected for '_ITERATOR_DEBUG_LEVEL': value '0' doesn't match value '2' in CHUVToolsInit.obj
itkgdcmDICT-4.13.lib(gdcmDefaultDicts.obj) : error LNK2038: mismatch detected for 'RuntimeLibrary': value 'MD_DynamicRelease' doesn't match value 'MDd_DynamicDebug' in CHUVToolsInit.obj
itkgdcmDICT-4.13.lib(gdcmPrivateDefaultDicts.obj) : error LNK2038: mismatch detected for '_ITERATOR_DEBUG_LEVEL': value '0' doesn't match value '2' in CHUVToolsInit.obj
itkgdcmDICT-4.13.lib(gdcmPrivateDefaultDicts.obj) : error LNK2038: mismatch detected for 'RuntimeLibrary': value 'MD_DynamicRelease' doesn't match value 'MDd_DynamicDebug' in CHUVToolsInit.obj
itkgdcmDICT-4.13.lib(gdcmCSAHeaderDefaultDicts.obj) : error LNK2038: mismatch detected for '_ITERATOR_DEBUG_LEVEL': value '0' doesn't match value '2' in CHUVToolsInit.obj
itkgdcmDICT-4.13.lib(gdcmCSAHeaderDefaultDicts.obj) : error LNK2038: mismatch detected for 'RuntimeLibrary': value 'MD_DynamicRelease' doesn't match value 'MDd_DynamicDebug' in CHUVToolsInit.obj
ITKIOGIPL-4.13.lib(itkGiplImageIOFactory.obj) : error LNK2038: mismatch detected for '_ITERATOR_DEBUG_LEVEL': value '0' doesn't match value '2' in CHUVToolsInit.obj
ITKIOGIPL-4.13.lib(itkGiplImageIOFactory.obj) : error LNK2038: mismatch detected for 'RuntimeLibrary': value 'MD_DynamicRelease' doesn't match value 'MDd_DynamicDebug' in CHUVToolsInit.obj
ITKIOGIPL-4.13.lib(itkGiplImageIO.obj) : error LNK2038: mismatch detected for '_ITERATOR_DEBUG_LEVEL': value '0' doesn't match value '2' in CHUVToolsInit.obj
ITKIOGIPL-4.13.lib(itkGiplImageIO.obj) : error LNK2038: mismatch detected for 'RuntimeLibrary': value 'MD_DynamicRelease' doesn't match value 'MDd_DynamicDebug' in CHUVToolsInit.obj
itkgdcmDSED-4.13.lib(gdcmTag.obj) : error LNK2038: mismatch detected for '_ITERATOR_DEBUG_LEVEL': value '0' doesn't match value '2' in CHUVToolsInit.obj
itkgdcmDSED-4.13.lib(gdcmTag.obj) : error LNK2038: mismatch detected for 'RuntimeLibrary': value 'MD_DynamicRelease' doesn't match value 'MDd_DynamicDebug' in CHUVToolsInit.obj
itkgdcmDSED-4.13.lib(gdcmVR.obj) : error LNK2038: mismatch detected for '_ITERATOR_DEBUG_LEVEL': value '0' doesn't match value '2' in CHUVToolsInit.obj
itkgdcmDSED-4.13.lib(gdcmVR.obj) : error LNK2038: mismatch detected for 'RuntimeLibrary': value 'MD_DynamicRelease' doesn't match value 'MDd_DynamicDebug' in CHUVToolsInit.obj
itkgdcmDSED-4.13.lib(gdcmValue.obj) : error LNK2038: mismatch detected for '_ITERATOR_DEBUG_LEVEL': value '0' doesn't match value '2' in CHUVToolsInit.obj
itkgdcmDSED-4.13.lib(gdcmValue.obj) : error LNK2038: mismatch detected for 'RuntimeLibrary': value 'MD_DynamicRelease' doesn't match value 'MDd_DynamicDebug' in CHUVToolsInit.obj
itkgdcmDSED-4.13.lib(gdcmByteValue.obj) : error LNK2038: mismatch detected for '_ITERATOR_DEBUG_LEVEL': value '0' doesn't match value '2' in CHUVToolsInit.obj
itkgdcmDSED-4.13.lib(gdcmByteValue.obj) : error LNK2038: mismatch detected for 'RuntimeLibrary': value 'MD_DynamicRelease' doesn't match value 'MDd_DynamicDebug' in CHUVToolsInit.obj
itkgdcmDSED-4.13.lib(gdcmVM.obj) : error LNK2038: mismatch detected for '_ITERATOR_DEBUG_LEVEL': value '0' doesn't match value '2' in CHUVToolsInit.obj
itkgdcmDSED-4.13.lib(gdcmVM.obj) : error LNK2038: mismatch detected for 'RuntimeLibrary': value 'MD_DynamicRelease' doesn't match value 'MDd_DynamicDebug' in CHUVToolsInit.obj
itkgdcmDSED-4.13.lib(gdcmMediaStorage.obj) : error LNK2038: mismatch detected for '_ITERATOR_DEBUG_LEVEL': value '0' doesn't match value '2' in CHUVToolsInit.obj
itkgdcmDSED-4.13.lib(gdcmMediaStorage.obj) : error LNK2038: mismatch detected for 'RuntimeLibrary': value 'MD_DynamicRelease' doesn't match value 'MDd_DynamicDebug' in CHUVToolsInit.obj
itkgdcmDSED-4.13.lib(gdcmDataSet.obj) : error LNK2038: mismatch detected for '_ITERATOR_DEBUG_LEVEL': value '0' doesn't match value '2' in CHUVToolsInit.obj
itkgdcmDSED-4.13.lib(gdcmDataSet.obj) : error LNK2038: mismatch detected for 'RuntimeLibrary': value 'MD_DynamicRelease' doesn't match value 'MDd_DynamicDebug' in CHUVToolsInit.obj
itkgdcmDSED-4.13.lib(gdcmFileMetaInformation.obj) : error LNK2038: mismatch detected for '_ITERATOR_DEBUG_LEVEL': value '0' doesn't match value '2' in CHUVToolsInit.obj
itkgdcmDSED-4.13.lib(gdcmFileMetaInformation.obj) : error LNK2038: mismatch detected for 'RuntimeLibrary': value 'MD_DynamicRelease' doesn't match value 'MDd_DynamicDebug' in CHUVToolsInit.obj
itkgdcmDSED-4.13.lib(gdcmFile.obj) : error LNK2038: mismatch detected for '_ITERATOR_DEBUG_LEVEL': value '0' doesn't match value '2' in CHUVToolsInit.obj
itkgdcmDSED-4.13.lib(gdcmFile.obj) : error LNK2038: mismatch detected for 'RuntimeLibrary': value 'MD_DynamicRelease' doesn't match value 'MDd_DynamicDebug' in CHUVToolsInit.obj
itkgdcmDSED-4.13.lib(gdcmReader.obj) : error LNK2038: mismatch detected for '_ITERATOR_DEBUG_LEVEL': value '0' doesn't match value '2' in CHUVToolsInit.obj
itkgdcmDSED-4.13.lib(gdcmReader.obj) : error LNK2038: mismatch detected for 'RuntimeLibrary': value 'MD_DynamicRelease' doesn't match value 'MDd_DynamicDebug' in CHUVToolsInit.obj
itkgdcmDSED-4.13.lib(gdcmWriter.obj) : error LNK2038: mismatch detected for '_ITERATOR_DEBUG_LEVEL': value '0' doesn't match value '2' in CHUVToolsInit.obj
itkgdcmDSED-4.13.lib(gdcmWriter.obj) : error LNK2038: mismatch detected for 'RuntimeLibrary': value 'MD_DynamicRelease' doesn't match value 'MDd_DynamicDebug' in CHUVToolsInit.obj
itkgdcmDSED-4.13.lib(gdcmPrivateTag.obj) : error LNK2038: mismatch detected for '_ITERATOR_DEBUG_LEVEL': value '0' doesn't match value '2' in CHUVToolsInit.obj
itkgdcmDSED-4.13.lib(gdcmPrivateTag.obj) : error LNK2038: mismatch detected for 'RuntimeLibrary': value 'MD_DynamicRelease' doesn't match value 'MDd_DynamicDebug' in CHUVToolsInit.obj
itkgdcmDSED-4.13.lib(gdcmDataElement.obj) : error LNK2038: mismatch detected for '_ITERATOR_DEBUG_LEVEL': value '0' doesn't match value '2' in CHUVToolsInit.obj
itkgdcmDSED-4.13.lib(gdcmDataElement.obj) : error LNK2038: mismatch detected for 'RuntimeLibrary': value 'MD_DynamicRelease' doesn't match value 'MDd_DynamicDebug' in CHUVToolsInit.obj
itkgdcmDSED-4.13.lib(gdcmPreamble.obj) : error LNK2038: mismatch detected for '_ITERATOR_DEBUG_LEVEL': value '0' doesn't match value '2' in CHUVToolsInit.obj
itkgdcmDSED-4.13.lib(gdcmPreamble.obj) : error LNK2038: mismatch detected for 'RuntimeLibrary': value 'MD_DynamicRelease' doesn't match value 'MDd_DynamicDebug' in CHUVToolsInit.obj
itkgdcmDSED-4.13.lib(gdcmTransferSyntax.obj) : error LNK2038: mismatch detected for '_ITERATOR_DEBUG_LEVEL': value '0' doesn't match value '2' in CHUVToolsInit.obj
itkgdcmDSED-4.13.lib(gdcmTransferSyntax.obj) : error LNK2038: mismatch detected for 'RuntimeLibrary': value 'MD_DynamicRelease' doesn't match value 'MDd_DynamicDebug' in CHUVToolsInit.obj
itkgdcmDSED-4.13.lib(gdcmExplicitDataElement.obj) : error LNK2038: mismatch detected for '_ITERATOR_DEBUG_LEVEL': value '0' doesn't match value '2' in CHUVToolsInit.obj
itkgdcmDSED-4.13.lib(gdcmExplicitDataElement.obj) : error LNK2038: mismatch detected for 'RuntimeLibrary': value 'MD_DynamicRelease' doesn't match value 'MDd_DynamicDebug' in CHUVToolsInit.obj
itkgdcmDSED-4.13.lib(gdcmByteSwapFilter.obj) : error LNK2038: mismatch detected for '_ITERATOR_DEBUG_LEVEL': value '0' doesn't match value '2' in CHUVToolsInit.obj
itkgdcmDSED-4.13.lib(gdcmByteSwapFilter.obj) : error LNK2038: mismatch detected for 'RuntimeLibrary': value 'MD_DynamicRelease' doesn't match value 'MDd_DynamicDebug' in CHUVToolsInit.obj
itkgdcmDSED-4.13.lib(gdcmSequenceOfItems.obj) : error LNK2038: mismatch detected for '_ITERATOR_DEBUG_LEVEL': value '0' doesn't match value '2' in CHUVToolsInit.obj
itkgdcmDSED-4.13.lib(gdcmSequenceOfItems.obj) : error LNK2038: mismatch detected for 'RuntimeLibrary': value 'MD_DynamicRelease' doesn't match value 'MDd_DynamicDebug' in CHUVToolsInit.obj
itkgdcmDSED-4.13.lib(gdcmSequenceOfFragments.obj) : error LNK2038: mismatch detected for '_ITERATOR_DEBUG_LEVEL': value '0' doesn't match value '2' in CHUVToolsInit.obj
itkgdcmDSED-4.13.lib(gdcmSequenceOfFragments.obj) : error LNK2038: mismatch detected for 'RuntimeLibrary': value 'MD_DynamicRelease' doesn't match value 'MDd_DynamicDebug' in CHUVToolsInit.obj
itkgdcmDSED-4.13.lib(gdcmImplicitDataElement.obj) : error LNK2038: mismatch detected for '_ITERATOR_DEBUG_LEVEL': value '0' doesn't match value '2' in CHUVToolsInit.obj
itkgdcmDSED-4.13.lib(gdcmImplicitDataElement.obj) : error LNK2038: mismatch detected for 'RuntimeLibrary': value 'MD_DynamicRelease' doesn't match value 'MDd_DynamicDebug' in CHUVToolsInit.obj
itkgdcmDSED-4.13.lib(gdcmUNExplicitDataElement.obj) : error LNK2038: mismatch detected for '_ITERATOR_DEBUG_LEVEL': value '0' doesn't match value '2' in CHUVToolsInit.obj
itkgdcmDSED-4.13.lib(gdcmUNExplicitDataElement.obj) : error LNK2038: mismatch detected for 'RuntimeLibrary': value 'MD_DynamicRelease' doesn't match value 'MDd_DynamicDebug' in CHUVToolsInit.obj
itkgdcmDSED-4.13.lib(gdcmCP246ExplicitDataElement.obj) : error LNK2038: mismatch detected for '_ITERATOR_DEBUG_LEVEL': value '0' doesn't match value '2' in CHUVToolsInit.obj
itkgdcmDSED-4.13.lib(gdcmCP246ExplicitDataElement.obj) : error LNK2038: mismatch detected for 'RuntimeLibrary': value 'MD_DynamicRelease' doesn't match value 'MDd_DynamicDebug' in CHUVToolsInit.obj
itkgdcmDSED-4.13.lib(gdcmExplicitImplicitDataElement.obj) : error LNK2038: mismatch detected for '_ITERATOR_DEBUG_LEVEL': value '0' doesn't match value '2' in CHUVToolsInit.obj
itkgdcmDSED-4.13.lib(gdcmExplicitImplicitDataElement.obj) : error LNK2038: mismatch detected for 'RuntimeLibrary': value 'MD_DynamicRelease' doesn't match value 'MDd_DynamicDebug' in CHUVToolsInit.obj
itkgdcmDSED-4.13.lib(gdcmVR16ExplicitDataElement.obj) : error LNK2038: mismatch detected for '_ITERATOR_DEBUG_LEVEL': value '0' doesn't match value '2' in CHUVToolsInit.obj
itkgdcmDSED-4.13.lib(gdcmVR16ExplicitDataElement.obj) : error LNK2038: mismatch detected for 'RuntimeLibrary': value 'MD_DynamicRelease' doesn't match value 'MDd_DynamicDebug' in CHUVToolsInit.obj
itkgdcmDSED-4.13.lib(gdcmFragment.obj) : error LNK2038: mismatch detected for '_ITERATOR_DEBUG_LEVEL': value '0' doesn't match value '2' in CHUVToolsInit.obj
itkgdcmDSED-4.13.lib(gdcmFragment.obj) : error LNK2038: mismatch detected for 'RuntimeLibrary': value 'MD_DynamicRelease' doesn't match value 'MDd_DynamicDebug' in CHUVToolsInit.obj
ITKIOHDF5-4.13.lib(itkHDF5ImageIOFactory.obj) : error LNK2038: mismatch detected for '_ITERATOR_DEBUG_LEVEL': value '0' doesn't match value '2' in CHUVToolsInit.obj
ITKIOHDF5-4.13.lib(itkHDF5ImageIOFactory.obj) : error LNK2038: mismatch detected for 'RuntimeLibrary': value 'MD_DynamicRelease' doesn't match value 'MDd_DynamicDebug' in CHUVToolsInit.obj
ITKIOHDF5-4.13.lib(itkHDF5ImageIO.obj) : error LNK2038: mismatch detected for '_ITERATOR_DEBUG_LEVEL': value '0' doesn't match value '2' in CHUVToolsInit.obj
ITKIOHDF5-4.13.lib(itkHDF5ImageIO.obj) : error LNK2038: mismatch detected for 'RuntimeLibrary': value 'MD_DynamicRelease' doesn't match value 'MDd_DynamicDebug' in CHUVToolsInit.obj
itkgdcmIOD-4.13.lib(gdcmDefs.obj) : error LNK2038: mismatch detected for '_ITERATOR_DEBUG_LEVEL': value '0' doesn't match value '2' in CHUVToolsInit.obj
itkgdcmIOD-4.13.lib(gdcmDefs.obj) : error LNK2038: mismatch detected for 'RuntimeLibrary': value 'MD_DynamicRelease' doesn't match value 'MDd_DynamicDebug' in CHUVToolsInit.obj
itkgdcmIOD-4.13.lib(gdcmType.obj) : error LNK2038: mismatch detected for '_ITERATOR_DEBUG_LEVEL': value '0' doesn't match value '2' in CHUVToolsInit.obj
itkgdcmIOD-4.13.lib(gdcmType.obj) : error LNK2038: mismatch detected for 'RuntimeLibrary': value 'MD_DynamicRelease' doesn't match value 'MDd_DynamicDebug' in CHUVToolsInit.obj
itkgdcmIOD-4.13.lib(gdcmModule.obj) : error LNK2038: mismatch detected for '_ITERATOR_DEBUG_LEVEL': value '0' doesn't match value '2' in CHUVToolsInit.obj
itkgdcmIOD-4.13.lib(gdcmModule.obj) : error LNK2038: mismatch detected for 'RuntimeLibrary': value 'MD_DynamicRelease' doesn't match value 'MDd_DynamicDebug' in CHUVToolsInit.obj
itkgdcmIOD-4.13.lib(gdcmIODEntry.obj) : error LNK2038: mismatch detected for '_ITERATOR_DEBUG_LEVEL': value '0' doesn't match value '2' in CHUVToolsInit.obj
itkgdcmIOD-4.13.lib(gdcmIODEntry.obj) : error LNK2038: mismatch detected for 'RuntimeLibrary': value 'MD_DynamicRelease' doesn't match value 'MDd_DynamicDebug' in CHUVToolsInit.obj
itkgdcmIOD-4.13.lib(gdcmTableReader.obj) : error LNK2038: mismatch detected for '_ITERATOR_DEBUG_LEVEL': value '0' doesn't match value '2' in CHUVToolsInit.obj
itkgdcmIOD-4.13.lib(gdcmTableReader.obj) : error LNK2038: mismatch detected for 'RuntimeLibrary': value 'MD_DynamicRelease' doesn't match value 'MDd_DynamicDebug' in CHUVToolsInit.obj
itkgdcmIOD-4.13.lib(gdcmMacro.obj) : error LNK2038: mismatch detected for '_ITERATOR_DEBUG_LEVEL': value '0' doesn't match value '2' in CHUVToolsInit.obj
itkgdcmIOD-4.13.lib(gdcmMacro.obj) : error LNK2038: mismatch detected for 'RuntimeLibrary': value 'MD_DynamicRelease' doesn't match value 'MDd_DynamicDebug' in CHUVToolsInit.obj
libitkhdf5_cpp.lib(H5Exception.obj) : error LNK2038: mismatch detected for '_ITERATOR_DEBUG_LEVEL': value '0' doesn't match value '2' in CHUVToolsInit.obj
libitkhdf5_cpp.lib(H5Exception.obj) : error LNK2038: mismatch detected for 'RuntimeLibrary': value 'MD_DynamicRelease' doesn't match value 'MDd_DynamicDebug' in CHUVToolsInit.obj
libitkhdf5_cpp.lib(H5IdComponent.obj) : error LNK2038: mismatch detected for '_ITERATOR_DEBUG_LEVEL': value '0' doesn't match value '2' in CHUVToolsInit.obj
libitkhdf5_cpp.lib(H5IdComponent.obj) : error LNK2038: mismatch detected for 'RuntimeLibrary': value 'MD_DynamicRelease' doesn't match value 'MDd_DynamicDebug' in CHUVToolsInit.obj
libitkhdf5_cpp.lib(H5DataSpace.obj) : error LNK2038: mismatch detected for '_ITERATOR_DEBUG_LEVEL': value '0' doesn't match value '2' in CHUVToolsInit.obj
libitkhdf5_cpp.lib(H5DataSpace.obj) : error LNK2038: mismatch detected for 'RuntimeLibrary': value 'MD_DynamicRelease' doesn't match value 'MDd_DynamicDebug' in CHUVToolsInit.obj
libitkhdf5_cpp.lib(H5Location.obj) : error LNK2038: mismatch detected for '_ITERATOR_DEBUG_LEVEL': value '0' doesn't match value '2' in CHUVToolsInit.obj
libitkhdf5_cpp.lib(H5Location.obj) : error LNK2038: mismatch detected for 'RuntimeLibrary': value 'MD_DynamicRelease' doesn't match value 'MDd_DynamicDebug' in CHUVToolsInit.obj
libitkhdf5_cpp.lib(H5AbstractDs.obj) : error LNK2038: mismatch detected for '_ITERATOR_DEBUG_LEVEL': value '0' doesn't match value '2' in CHUVToolsInit.obj
libitkhdf5_cpp.lib(H5AbstractDs.obj) : error LNK2038: mismatch detected for 'RuntimeLibrary': value 'MD_DynamicRelease' doesn't match value 'MDd_DynamicDebug' in CHUVToolsInit.obj
libitkhdf5_cpp.lib(H5Attribute.obj) : error LNK2038: mismatch detected for '_ITERATOR_DEBUG_LEVEL': value '0' doesn't match value '2' in CHUVToolsInit.obj
libitkhdf5_cpp.lib(H5Attribute.obj) : error LNK2038: mismatch detected for 'RuntimeLibrary': value 'MD_DynamicRelease' doesn't match value 'MDd_DynamicDebug' in CHUVToolsInit.obj
libitkhdf5_cpp.lib(H5DcreatProp.obj) : error LNK2038: mismatch detected for '_ITERATOR_DEBUG_LEVEL': value '0' doesn't match value '2' in CHUVToolsInit.obj
libitkhdf5_cpp.lib(H5DcreatProp.obj) : error LNK2038: mismatch detected for 'RuntimeLibrary': value 'MD_DynamicRelease' doesn't match value 'MDd_DynamicDebug' in CHUVToolsInit.obj
libitkhdf5_cpp.lib(H5CommonFG.obj) : error LNK2038: mismatch detected for '_ITERATOR_DEBUG_LEVEL': value '0' doesn't match value '2' in CHUVToolsInit.obj
libitkhdf5_cpp.lib(H5CommonFG.obj) : error LNK2038: mismatch detected for 'RuntimeLibrary': value 'MD_DynamicRelease' doesn't match value 'MDd_DynamicDebug' in CHUVToolsInit.obj
libitkhdf5_cpp.lib(H5DataType.obj) : error LNK2038: mismatch detected for '_ITERATOR_DEBUG_LEVEL': value '0' doesn't match value '2' in CHUVToolsInit.obj
libitkhdf5_cpp.lib(H5DataType.obj) : error LNK2038: mismatch detected for 'RuntimeLibrary': value 'MD_DynamicRelease' doesn't match value 'MDd_DynamicDebug' in CHUVToolsInit.obj
libitkhdf5_cpp.lib(H5PredType.obj) : error LNK2038: mismatch detected for '_ITERATOR_DEBUG_LEVEL': value '0' doesn't match value '2' in CHUVToolsInit.obj
libitkhdf5_cpp.lib(H5PredType.obj) : error LNK2038: mismatch detected for 'RuntimeLibrary': value 'MD_DynamicRelease' doesn't match value 'MDd_DynamicDebug' in CHUVToolsInit.obj
libitkhdf5_cpp.lib(H5FloatType.obj) : error LNK2038: mismatch detected for '_ITERATOR_DEBUG_LEVEL': value '0' doesn't match value '2' in CHUVToolsInit.obj
libitkhdf5_cpp.lib(H5FloatType.obj) : error LNK2038: mismatch detected for 'RuntimeLibrary': value 'MD_DynamicRelease' doesn't match value 'MDd_DynamicDebug' in CHUVToolsInit.obj
libitkhdf5_cpp.lib(H5StrType.obj) : error LNK2038: mismatch detected for '_ITERATOR_DEBUG_LEVEL': value '0' doesn't match value '2' in CHUVToolsInit.obj
libitkhdf5_cpp.lib(H5StrType.obj) : error LNK2038: mismatch detected for 'RuntimeLibrary': value 'MD_DynamicRelease' doesn't match value 'MDd_DynamicDebug' in CHUVToolsInit.obj
libitkhdf5_cpp.lib(H5DataSet.obj) : error LNK2038: mismatch detected for '_ITERATOR_DEBUG_LEVEL': value '0' doesn't match value '2' in CHUVToolsInit.obj
libitkhdf5_cpp.lib(H5DataSet.obj) : error LNK2038: mismatch detected for 'RuntimeLibrary': value 'MD_DynamicRelease' doesn't match value 'MDd_DynamicDebug' in CHUVToolsInit.obj
libitkhdf5_cpp.lib(H5Group.obj) : error LNK2038: mismatch detected for '_ITERATOR_DEBUG_LEVEL': value '0' doesn't match value '2' in CHUVToolsInit.obj
libitkhdf5_cpp.lib(H5Group.obj) : error LNK2038: mismatch detected for 'RuntimeLibrary': value 'MD_DynamicRelease' doesn't match value 'MDd_DynamicDebug' in CHUVToolsInit.obj
libitkhdf5_cpp.lib(H5File.obj) : error LNK2038: mismatch detected for '_ITERATOR_DEBUG_LEVEL': value '0' doesn't match value '2' in CHUVToolsInit.obj
libitkhdf5_cpp.lib(H5File.obj) : error LNK2038: mismatch detected for 'RuntimeLibrary': value 'MD_DynamicRelease' doesn't match value 'MDd_DynamicDebug' in CHUVToolsInit.obj
libitkhdf5_cpp.lib(H5PropList.obj) : error LNK2038: mismatch detected for '_ITERATOR_DEBUG_LEVEL': value '0' doesn't match value '2' in CHUVToolsInit.obj
libitkhdf5_cpp.lib(H5PropList.obj) : error LNK2038: mismatch detected for 'RuntimeLibrary': value 'MD_DynamicRelease' doesn't match value 'MDd_DynamicDebug' in CHUVToolsInit.obj
libitkhdf5_cpp.lib(H5DxferProp.obj) : error LNK2038: mismatch detected for '_ITERATOR_DEBUG_LEVEL': value '0' doesn't match value '2' in CHUVToolsInit.obj
libitkhdf5_cpp.lib(H5DxferProp.obj) : error LNK2038: mismatch detected for 'RuntimeLibrary': value 'MD_DynamicRelease' doesn't match value 'MDd_DynamicDebug' in CHUVToolsInit.obj
libitkhdf5_cpp.lib(H5FaccProp.obj) : error LNK2038: mismatch detected for '_ITERATOR_DEBUG_LEVEL': value '0' doesn't match value '2' in CHUVToolsInit.obj
libitkhdf5_cpp.lib(H5FaccProp.obj) : error LNK2038: mismatch detected for 'RuntimeLibrary': value 'MD_DynamicRelease' doesn't match value 'MDd_DynamicDebug' in CHUVToolsInit.obj
libitkhdf5_cpp.lib(H5FcreatProp.obj) : error LNK2038: mismatch detected for '_ITERATOR_DEBUG_LEVEL': value '0' doesn't match value '2' in CHUVToolsInit.obj
libitkhdf5_cpp.lib(H5FcreatProp.obj) : error LNK2038: mismatch detected for 'RuntimeLibrary': value 'MD_DynamicRelease' doesn't match value 'MDd_DynamicDebug' in CHUVToolsInit.obj
libitkhdf5_cpp.lib(H5Library.obj) : error LNK2038: mismatch detected for '_ITERATOR_DEBUG_LEVEL': value '0' doesn't match value '2' in CHUVToolsInit.obj
libitkhdf5_cpp.lib(H5Library.obj) : error LNK2038: mismatch detected for 'RuntimeLibrary': value 'MD_DynamicRelease' doesn't match value 'MDd_DynamicDebug' in CHUVToolsInit.obj
libitkhdf5_cpp.lib(H5EnumType.obj) : error LNK2038: mismatch detected for '_ITERATOR_DEBUG_LEVEL': value '0' doesn't match value '2' in CHUVToolsInit.obj
libitkhdf5_cpp.lib(H5EnumType.obj) : error LNK2038: mismatch detected for 'RuntimeLibrary': value 'MD_DynamicRelease' doesn't match value 'MDd_DynamicDebug' in CHUVToolsInit.obj
libitkhdf5_cpp.lib(H5IntType.obj) : error LNK2038: mismatch detected for '_ITERATOR_DEBUG_LEVEL': value '0' doesn't match value '2' in CHUVToolsInit.obj
libitkhdf5_cpp.lib(H5IntType.obj) : error LNK2038: mismatch detected for 'RuntimeLibrary': value 'MD_DynamicRelease' doesn't match value 'MDd_DynamicDebug' in CHUVToolsInit.obj
libitkhdf5_cpp.lib(H5CompType.obj) : error LNK2038: mismatch detected for '_ITERATOR_DEBUG_LEVEL': value '0' doesn't match value '2' in CHUVToolsInit.obj
libitkhdf5_cpp.lib(H5CompType.obj) : error LNK2038: mismatch detected for 'RuntimeLibrary': value 'MD_DynamicRelease' doesn't match value 'MDd_DynamicDebug' in CHUVToolsInit.obj
libitkhdf5_cpp.lib(H5ArrayType.obj) : error LNK2038: mismatch detected for '_ITERATOR_DEBUG_LEVEL': value '0' doesn't match value '2' in CHUVToolsInit.obj
libitkhdf5_cpp.lib(H5ArrayType.obj) : error LNK2038: mismatch detected for 'RuntimeLibrary': value 'MD_DynamicRelease' doesn't match value 'MDd_DynamicDebug' in CHUVToolsInit.obj
libitkhdf5_cpp.lib(H5VarLenType.obj) : error LNK2038: mismatch detected for '_ITERATOR_DEBUG_LEVEL': value '0' doesn't match value '2' in CHUVToolsInit.obj
libitkhdf5_cpp.lib(H5VarLenType.obj) : error LNK2038: mismatch detected for 'RuntimeLibrary': value 'MD_DynamicRelease' doesn't match value 'MDd_DynamicDebug' in CHUVToolsInit.obj
libitkhdf5_cpp.lib(H5OcreatProp.obj) : error LNK2038: mismatch detected for '_ITERATOR_DEBUG_LEVEL': value '0' doesn't match value '2' in CHUVToolsInit.obj
libitkhdf5_cpp.lib(H5OcreatProp.obj) : error LNK2038: mismatch detected for 'RuntimeLibrary': value 'MD_DynamicRelease' doesn't match value 'MDd_DynamicDebug' in CHUVToolsInit.obj
libitkhdf5_cpp.lib(H5Object.obj) : error LNK2038: mismatch detected for '_ITERATOR_DEBUG_LEVEL': value '0' doesn't match value '2' in CHUVToolsInit.obj
libitkhdf5_cpp.lib(H5Object.obj) : error LNK2038: mismatch detected for 'RuntimeLibrary': value 'MD_DynamicRelease' doesn't match value 'MDd_DynamicDebug' in CHUVToolsInit.obj
libitkhdf5_cpp.lib(H5AtomType.obj) : error LNK2038: mismatch detected for '_ITERATOR_DEBUG_LEVEL': value '0' doesn't match value '2' in CHUVToolsInit.obj
libitkhdf5_cpp.lib(H5AtomType.obj) : error LNK2038: mismatch detected for 'RuntimeLibrary': value 'MD_DynamicRelease' doesn't match value 'MDd_DynamicDebug' in CHUVToolsInit.obj
ITKIOIPL-4.13.lib(itkIPLCommonImageIO.obj) : error LNK2038: mismatch detected for '_ITERATOR_DEBUG_LEVEL': value '0' doesn't match value '2' in CHUVToolsInit.obj
ITKIOIPL-4.13.lib(itkIPLCommonImageIO.obj) : error LNK2038: mismatch detected for 'RuntimeLibrary': value 'MD_DynamicRelease' doesn't match value 'MDd_DynamicDebug' in CHUVToolsInit.obj
ITKIOIPL-4.13.lib(itkIPLFileNameList.obj) : error LNK2038: mismatch detected for '_ITERATOR_DEBUG_LEVEL': value '0' doesn't match value '2' in CHUVToolsInit.obj
ITKIOIPL-4.13.lib(itkIPLFileNameList.obj) : error LNK2038: mismatch detected for 'RuntimeLibrary': value 'MD_DynamicRelease' doesn't match value 'MDd_DynamicDebug' in CHUVToolsInit.obj
ITKMetaIO-4.13.lib(metaUtils.obj) : error LNK2038: mismatch detected for '_ITERATOR_DEBUG_LEVEL': value '0' doesn't match value '2' in CHUVToolsInit.obj
ITKMetaIO-4.13.lib(metaUtils.obj) : error LNK2038: mismatch detected for 'RuntimeLibrary': value 'MD_DynamicRelease' doesn't match value 'MDd_DynamicDebug' in CHUVToolsInit.obj
ITKMetaIO-4.13.lib(metaObject.obj) : error LNK2038: mismatch detected for '_ITERATOR_DEBUG_LEVEL': value '0' doesn't match value '2' in CHUVToolsInit.obj
ITKMetaIO-4.13.lib(metaObject.obj) : error LNK2038: mismatch detected for 'RuntimeLibrary': value 'MD_DynamicRelease' doesn't match value 'MDd_DynamicDebug' in CHUVToolsInit.obj
ITKMetaIO-4.13.lib(metaImage.obj) : error LNK2038: mismatch detected for '_ITERATOR_DEBUG_LEVEL': value '0' doesn't match value '2' in CHUVToolsInit.obj
ITKMetaIO-4.13.lib(metaImage.obj) : error LNK2038: mismatch detected for 'RuntimeLibrary': value 'MD_DynamicRelease' doesn't match value 'MDd_DynamicDebug' in CHUVToolsInit.obj
ITKMetaIO-4.13.lib(metaImageUtils.obj) : error LNK2038: mismatch detected for '_ITERATOR_DEBUG_LEVEL': value '0' doesn't match value '2' in CHUVToolsInit.obj
ITKMetaIO-4.13.lib(metaImageUtils.obj) : error LNK2038: mismatch detected for 'RuntimeLibrary': value 'MD_DynamicRelease' doesn't match value 'MDd_DynamicDebug' in CHUVToolsInit.obj
mialsrtkOrientImageLib.lib(mialsrtkOrientImage.obj) : error LNK2038: mismatch detected for '_ITERATOR_DEBUG_LEVEL': value '0' doesn't match value '2' in CHUVToolsInit.obj
mialsrtkOrientImageLib.lib(mialsrtkOrientImage.obj) : error LNK2038: mismatch detected for 'RuntimeLibrary': value 'MD_DynamicRelease' doesn't match value 'MDd_DynamicDebug' in CHUVToolsInit.obj
btkNLMDenoisingLib.lib(btkNLMDenoising.obj) : error LNK2038: mismatch detected for '_ITERATOR_DEBUG_LEVEL': value '0' doesn't match value '2' in CHUVToolsInit.obj
btkNLMDenoisingLib.lib(btkNLMDenoising.obj) : error LNK2038: mismatch detected for 'RuntimeLibrary': value 'MD_DynamicRelease' doesn't match value 'MDd_DynamicDebug' in CHUVToolsInit.obj
ITKIOImageBase-4.13.lib(itkImageIOBase.obj) : error LNK2038: mismatch detected for '_ITERATOR_DEBUG_LEVEL': value '0' doesn't match value '2' in CHUVToolsInit.obj
ITKIOImageBase-4.13.lib(itkImageIOBase.obj) : error LNK2038: mismatch detected for 'RuntimeLibrary': value 'MD_DynamicRelease' doesn't match value 'MDd_DynamicDebug' in CHUVToolsInit.obj
ITKIOImageBase-4.13.lib(itkStreamingImageIOBase.obj) : error LNK2038: mismatch detected for '_ITERATOR_DEBUG_LEVEL': value '0' doesn't match value '2' in CHUVToolsInit.obj
ITKIOImageBase-4.13.lib(itkStreamingImageIOBase.obj) : error LNK2038: mismatch detected for 'RuntimeLibrary': value 'MD_DynamicRelease' doesn't match value 'MDd_DynamicDebug' in CHUVToolsInit.obj
ITKIOImageBase-4.13.lib(itkIOCommon.obj) : error LNK2038: mismatch detected for '_ITERATOR_DEBUG_LEVEL': value '0' doesn't match value '2' in CHUVToolsInit.obj
ITKIOImageBase-4.13.lib(itkIOCommon.obj) : error LNK2038: mismatch detected for 'RuntimeLibrary': value 'MD_DynamicRelease' doesn't match value 'MDd_DynamicDebug' in CHUVToolsInit.obj
ITKIOImageBase-4.13.lib(itkImageFileReaderException.obj) : error LNK2038: mismatch detected for '_ITERATOR_DEBUG_LEVEL': value '0' doesn't match value '2' in CHUVToolsInit.obj
ITKIOImageBase-4.13.lib(itkImageFileReaderException.obj) : error LNK2038: mismatch detected for 'RuntimeLibrary': value 'MD_DynamicRelease' doesn't match value 'MDd_DynamicDebug' in CHUVToolsInit.obj
ITKIOImageBase-4.13.lib(itkImageIOFactory.obj) : error LNK2038: mismatch detected for '_ITERATOR_DEBUG_LEVEL': value '0' doesn't match value '2' in CHUVToolsInit.obj
ITKIOImageBase-4.13.lib(itkImageIOFactory.obj) : error LNK2038: mismatch detected for 'RuntimeLibrary': value 'MD_DynamicRelease' doesn't match value 'MDd_DynamicDebug' in CHUVToolsInit.obj
ITKIOImageBase-4.13.lib(itkImageFileWriter.obj) : error LNK2038: mismatch detected for '_ITERATOR_DEBUG_LEVEL': value '0' doesn't match value '2' in CHUVToolsInit.obj
ITKIOImageBase-4.13.lib(itkImageFileWriter.obj) : error LNK2038: mismatch detected for 'RuntimeLibrary': value 'MD_DynamicRelease' doesn't match value 'MDd_DynamicDebug' in CHUVToolsInit.obj
itkgdcmMSFF-4.13.lib(gdcmPixelFormat.obj) : error LNK2038: mismatch detected for '_ITERATOR_DEBUG_LEVEL': value '0' doesn't match value '2' in CHUVToolsInit.obj
itkgdcmMSFF-4.13.lib(gdcmPixelFormat.obj) : error LNK2038: mismatch detected for 'RuntimeLibrary': value 'MD_DynamicRelease' doesn't match value 'MDd_DynamicDebug' in CHUVToolsInit.obj
itkgdcmMSFF-4.13.lib(gdcmImageHelper.obj) : error LNK2038: mismatch detected for '_ITERATOR_DEBUG_LEVEL': value '0' doesn't match value '2' in CHUVToolsInit.obj
itkgdcmMSFF-4.13.lib(gdcmImageHelper.obj) : error LNK2038: mismatch detected for 'RuntimeLibrary': value 'MD_DynamicRelease' doesn't match value 'MDd_DynamicDebug' in CHUVToolsInit.obj
itkgdcmMSFF-4.13.lib(gdcmFileExplicitFilter.obj) : error LNK2038: mismatch detected for '_ITERATOR_DEBUG_LEVEL': value '0' doesn't match value '2' in CHUVToolsInit.obj
itkgdcmMSFF-4.13.lib(gdcmFileExplicitFilter.obj) : error LNK2038: mismatch detected for 'RuntimeLibrary': value 'MD_DynamicRelease' doesn't match value 'MDd_DynamicDebug' in CHUVToolsInit.obj
itkgdcmMSFF-4.13.lib(gdcmCurve.obj) : error LNK2038: mismatch detected for '_ITERATOR_DEBUG_LEVEL': value '0' doesn't match value '2' in CHUVToolsInit.obj
itkgdcmMSFF-4.13.lib(gdcmCurve.obj) : error LNK2038: mismatch detected for 'RuntimeLibrary': value 'MD_DynamicRelease' doesn't match value 'MDd_DynamicDebug' in CHUVToolsInit.obj
itkgdcmMSFF-4.13.lib(gdcmOverlay.obj) : error LNK2038: mismatch detected for '_ITERATOR_DEBUG_LEVEL': value '0' doesn't match value '2' in CHUVToolsInit.obj
itkgdcmMSFF-4.13.lib(gdcmOverlay.obj) : error LNK2038: mismatch detected for 'RuntimeLibrary': value 'MD_DynamicRelease' doesn't match value 'MDd_DynamicDebug' in CHUVToolsInit.obj
itkgdcmMSFF-4.13.lib(gdcmBitmap.obj) : error LNK2038: mismatch detected for '_ITERATOR_DEBUG_LEVEL': value '0' doesn't match value '2' in CHUVToolsInit.obj
itkgdcmMSFF-4.13.lib(gdcmBitmap.obj) : error LNK2038: mismatch detected for 'RuntimeLibrary': value 'MD_DynamicRelease' doesn't match value 'MDd_DynamicDebug' in CHUVToolsInit.obj
itkgdcmMSFF-4.13.lib(gdcmBitmapToBitmapFilter.obj) : error LNK2038: mismatch detected for '_ITERATOR_DEBUG_LEVEL': value '0' doesn't match value '2' in CHUVToolsInit.obj
itkgdcmMSFF-4.13.lib(gdcmBitmapToBitmapFilter.obj) : error LNK2038: mismatch detected for 'RuntimeLibrary': value 'MD_DynamicRelease' doesn't match value 'MDd_DynamicDebug' in CHUVToolsInit.obj
itkgdcmMSFF-4.13.lib(gdcmImageToImageFilter.obj) : error LNK2038: mismatch detected for '_ITERATOR_DEBUG_LEVEL': value '0' doesn't match value '2' in CHUVToolsInit.obj
itkgdcmMSFF-4.13.lib(gdcmImageToImageFilter.obj) : error LNK2038: mismatch detected for 'RuntimeLibrary': value 'MD_DynamicRelease' doesn't match value 'MDd_DynamicDebug' in CHUVToolsInit.obj
itkgdcmMSFF-4.13.lib(gdcmImageChangeTransferSyntax.obj) : error LNK2038: mismatch detected for '_ITERATOR_DEBUG_LEVEL': value '0' doesn't match value '2' in CHUVToolsInit.obj
itkgdcmMSFF-4.13.lib(gdcmImageChangeTransferSyntax.obj) : error LNK2038: mismatch detected for 'RuntimeLibrary': value 'MD_DynamicRelease' doesn't match value 'MDd_DynamicDebug' in CHUVToolsInit.obj
itkgdcmMSFF-4.13.lib(gdcmDataSetHelper.obj) : error LNK2038: mismatch detected for '_ITERATOR_DEBUG_LEVEL': value '0' doesn't match value '2' in CHUVToolsInit.obj
itkgdcmMSFF-4.13.lib(gdcmDataSetHelper.obj) : error LNK2038: mismatch detected for 'RuntimeLibrary': value 'MD_DynamicRelease' doesn't match value 'MDd_DynamicDebug' in CHUVToolsInit.obj
itkgdcmMSFF-4.13.lib(gdcmStringFilter.obj) : error LNK2038: mismatch detected for '_ITERATOR_DEBUG_LEVEL': value '0' doesn't match value '2' in CHUVToolsInit.obj
itkgdcmMSFF-4.13.lib(gdcmStringFilter.obj) : error LNK2038: mismatch detected for 'RuntimeLibrary': value 'MD_DynamicRelease' doesn't match value 'MDd_DynamicDebug' in CHUVToolsInit.obj
itkgdcmMSFF-4.13.lib(gdcmImageApplyLookupTable.obj) : error LNK2038: mismatch detected for '_ITERATOR_DEBUG_LEVEL': value '0' doesn't match value '2' in CHUVToolsInit.obj
itkgdcmMSFF-4.13.lib(gdcmImageApplyLookupTable.obj) : error LNK2038: mismatch detected for 'RuntimeLibrary': value 'MD_DynamicRelease' doesn't match value 'MDd_DynamicDebug' in CHUVToolsInit.obj
itkgdcmMSFF-4.13.lib(gdcmImageChangePlanarConfiguration.obj) : error LNK2038: mismatch detected for '_ITERATOR_DEBUG_LEVEL': value '0' doesn't match value '2' in CHUVToolsInit.obj
itkgdcmMSFF-4.13.lib(gdcmImageChangePlanarConfiguration.obj) : error LNK2038: mismatch detected for 'RuntimeLibrary': value 'MD_DynamicRelease' doesn't match value 'MDd_DynamicDebug' in CHUVToolsInit.obj
itkgdcmMSFF-4.13.lib(gdcmRescaler.obj) : error LNK2038: mismatch detected for '_ITERATOR_DEBUG_LEVEL': value '0' doesn't match value '2' in CHUVToolsInit.obj
itkgdcmMSFF-4.13.lib(gdcmRescaler.obj) : error LNK2038: mismatch detected for 'RuntimeLibrary': value 'MD_DynamicRelease' doesn't match value 'MDd_DynamicDebug' in CHUVToolsInit.obj
itkgdcmMSFF-4.13.lib(gdcmPixmap.obj) : error LNK2038: mismatch detected for '_ITERATOR_DEBUG_LEVEL': value '0' doesn't match value '2' in CHUVToolsInit.obj
itkgdcmMSFF-4.13.lib(gdcmPixmap.obj) : error LNK2038: mismatch detected for 'RuntimeLibrary': value 'MD_DynamicRelease' doesn't match value 'MDd_DynamicDebug' in CHUVToolsInit.obj
itkgdcmMSFF-4.13.lib(gdcmImage.obj) : error LNK2038: mismatch detected for '_ITERATOR_DEBUG_LEVEL': value '0' doesn't match value '2' in CHUVToolsInit.obj
itkgdcmMSFF-4.13.lib(gdcmImage.obj) : error LNK2038: mismatch detected for 'RuntimeLibrary': value 'MD_DynamicRelease' doesn't match value 'MDd_DynamicDebug' in CHUVToolsInit.obj
itkgdcmMSFF-4.13.lib(gdcmImageReader.obj) : error LNK2038: mismatch detected for '_ITERATOR_DEBUG_LEVEL': value '0' doesn't match value '2' in CHUVToolsInit.obj
itkgdcmMSFF-4.13.lib(gdcmImageReader.obj) : error LNK2038: mismatch detected for 'RuntimeLibrary': value 'MD_DynamicRelease' doesn't match value 'MDd_DynamicDebug' in CHUVToolsInit.obj
itkgdcmMSFF-4.13.lib(gdcmPixmapWriter.obj) : error LNK2038: mismatch detected for '_ITERATOR_DEBUG_LEVEL': value '0' doesn't match value '2' in CHUVToolsInit.obj
itkgdcmMSFF-4.13.lib(gdcmPixmapWriter.obj) : error LNK2038: mismatch detected for 'RuntimeLibrary': value 'MD_DynamicRelease' doesn't match value 'MDd_DynamicDebug' in CHUVToolsInit.obj
itkgdcmMSFF-4.13.lib(gdcmImageWriter.obj) : error LNK2038: mismatch detected for '_ITERATOR_DEBUG_LEVEL': value '0' doesn't match value '2' in CHUVToolsInit.obj
itkgdcmMSFF-4.13.lib(gdcmImageWriter.obj) : error LNK2038: mismatch detected for 'RuntimeLibrary': value 'MD_DynamicRelease' doesn't match value 'MDd_DynamicDebug' in CHUVToolsInit.obj
itkgdcmMSFF-4.13.lib(gdcmUIDGenerator.obj) : error LNK2038: mismatch detected for '_ITERATOR_DEBUG_LEVEL': value '0' doesn't match value '2' in CHUVToolsInit.obj
itkgdcmMSFF-4.13.lib(gdcmUIDGenerator.obj) : error LNK2038: mismatch detected for 'RuntimeLibrary': value 'MD_DynamicRelease' doesn't match value 'MDd_DynamicDebug' in CHUVToolsInit.obj
itkgdcmMSFF-4.13.lib(gdcmPhotometricInterpretation.obj) : error LNK2038: mismatch detected for '_ITERATOR_DEBUG_LEVEL': value '0' doesn't match value '2' in CHUVToolsInit.obj
itkgdcmMSFF-4.13.lib(gdcmPhotometricInterpretation.obj) : error LNK2038: mismatch detected for 'RuntimeLibrary': value 'MD_DynamicRelease' doesn't match value 'MDd_DynamicDebug' in CHUVToolsInit.obj
itkgdcmMSFF-4.13.lib(gdcmLookupTable.obj) : error LNK2038: mismatch detected for '_ITERATOR_DEBUG_LEVEL': value '0' doesn't match value '2' in CHUVToolsInit.obj
itkgdcmMSFF-4.13.lib(gdcmLookupTable.obj) : error LNK2038: mismatch detected for 'RuntimeLibrary': value 'MD_DynamicRelease' doesn't match value 'MDd_DynamicDebug' in CHUVToolsInit.obj
itkgdcmMSFF-4.13.lib(gdcmDirectionCosines.obj) : error LNK2038: mismatch detected for '_ITERATOR_DEBUG_LEVEL': value '0' doesn't match value '2' in CHUVToolsInit.obj
itkgdcmMSFF-4.13.lib(gdcmDirectionCosines.obj) : error LNK2038: mismatch detected for 'RuntimeLibrary': value 'MD_DynamicRelease' doesn't match value 'MDd_DynamicDebug' in CHUVToolsInit.obj
itkgdcmMSFF-4.13.lib(gdcmSegmentedPaletteColorLookupTable.obj) : error LNK2038: mismatch detected for '_ITERATOR_DEBUG_LEVEL': value '0' doesn't match value '2' in CHUVToolsInit.obj
itkgdcmMSFF-4.13.lib(gdcmSegmentedPaletteColorLookupTable.obj) : error LNK2038: mismatch detected for 'RuntimeLibrary': value 'MD_DynamicRelease' doesn't match value 'MDd_DynamicDebug' in CHUVToolsInit.obj
itkgdcmMSFF-4.13.lib(gdcmImageCodec.obj) : error LNK2038: mismatch detected for '_ITERATOR_DEBUG_LEVEL': value '0' doesn't match value '2' in CHUVToolsInit.obj
itkgdcmMSFF-4.13.lib(gdcmImageCodec.obj) : error LNK2038: mismatch detected for 'RuntimeLibrary': value 'MD_DynamicRelease' doesn't match value 'MDd_DynamicDebug' in CHUVToolsInit.obj
itkgdcmMSFF-4.13.lib(gdcmRAWCodec.obj) : error LNK2038: mismatch detected for '_ITERATOR_DEBUG_LEVEL': value '0' doesn't match value '2' in CHUVToolsInit.obj
itkgdcmMSFF-4.13.lib(gdcmRAWCodec.obj) : error LNK2038: mismatch detected for 'RuntimeLibrary': value 'MD_DynamicRelease' doesn't match value 'MDd_DynamicDebug' in CHUVToolsInit.obj
itkgdcmMSFF-4.13.lib(gdcmJPEGCodec.obj) : error LNK2038: mismatch detected for '_ITERATOR_DEBUG_LEVEL': value '0' doesn't match value '2' in CHUVToolsInit.obj
itkgdcmMSFF-4.13.lib(gdcmJPEGCodec.obj) : error LNK2038: mismatch detected for 'RuntimeLibrary': value 'MD_DynamicRelease' doesn't match value 'MDd_DynamicDebug' in CHUVToolsInit.obj
itkgdcmMSFF-4.13.lib(gdcmPVRGCodec.obj) : error LNK2038: mismatch detected for '_ITERATOR_DEBUG_LEVEL': value '0' doesn't match value '2' in CHUVToolsInit.obj
itkgdcmMSFF-4.13.lib(gdcmPVRGCodec.obj) : error LNK2038: mismatch detected for 'RuntimeLibrary': value 'MD_DynamicRelease' doesn't match value 'MDd_DynamicDebug' in CHUVToolsInit.obj
itkgdcmMSFF-4.13.lib(gdcmKAKADUCodec.obj) : error LNK2038: mismatch detected for '_ITERATOR_DEBUG_LEVEL': value '0' doesn't match value '2' in CHUVToolsInit.obj
itkgdcmMSFF-4.13.lib(gdcmKAKADUCodec.obj) : error LNK2038: mismatch detected for 'RuntimeLibrary': value 'MD_DynamicRelease' doesn't match value 'MDd_DynamicDebug' in CHUVToolsInit.obj
itkgdcmMSFF-4.13.lib(gdcmJPEGLSCodec.obj) : error LNK2038: mismatch detected for '_ITERATOR_DEBUG_LEVEL': value '0' doesn't match value '2' in CHUVToolsInit.obj
itkgdcmMSFF-4.13.lib(gdcmJPEGLSCodec.obj) : error LNK2038: mismatch detected for 'RuntimeLibrary': value 'MD_DynamicRelease' doesn't match value 'MDd_DynamicDebug' in CHUVToolsInit.obj
itkgdcmMSFF-4.13.lib(gdcmJPEG2000Codec.obj) : error LNK2038: mismatch detected for '_ITERATOR_DEBUG_LEVEL': value '0' doesn't match value '2' in CHUVToolsInit.obj
itkgdcmMSFF-4.13.lib(gdcmJPEG2000Codec.obj) : error LNK2038: mismatch detected for 'RuntimeLibrary': value 'MD_DynamicRelease' doesn't match value 'MDd_DynamicDebug' in CHUVToolsInit.obj
itkgdcmMSFF-4.13.lib(gdcmRLECodec.obj) : error LNK2038: mismatch detected for '_ITERATOR_DEBUG_LEVEL': value '0' doesn't match value '2' in CHUVToolsInit.obj
itkgdcmMSFF-4.13.lib(gdcmRLECodec.obj) : error LNK2038: mismatch detected for 'RuntimeLibrary': value 'MD_DynamicRelease' doesn't match value 'MDd_DynamicDebug' in CHUVToolsInit.obj
itkgdcmMSFF-4.13.lib(gdcmPixmapToPixmapFilter.obj) : error LNK2038: mismatch detected for '_ITERATOR_DEBUG_LEVEL': value '0' doesn't match value '2' in CHUVToolsInit.obj
itkgdcmMSFF-4.13.lib(gdcmPixmapToPixmapFilter.obj) : error LNK2038: mismatch detected for 'RuntimeLibrary': value 'MD_DynamicRelease' doesn't match value 'MDd_DynamicDebug' in CHUVToolsInit.obj
itkgdcmMSFF-4.13.lib(gdcmPixmapReader.obj) : error LNK2038: mismatch detected for '_ITERATOR_DEBUG_LEVEL': value '0' doesn't match value '2' in CHUVToolsInit.obj
itkgdcmMSFF-4.13.lib(gdcmPixmapReader.obj) : error LNK2038: mismatch detected for 'RuntimeLibrary': value 'MD_DynamicRelease' doesn't match value 'MDd_DynamicDebug' in CHUVToolsInit.obj
itkgdcmMSFF-4.13.lib(gdcmJPEG8Codec.obj) : error LNK2038: mismatch detected for '_ITERATOR_DEBUG_LEVEL': value '0' doesn't match value '2' in CHUVToolsInit.obj
itkgdcmMSFF-4.13.lib(gdcmJPEG8Codec.obj) : error LNK2038: mismatch detected for 'RuntimeLibrary': value 'MD_DynamicRelease' doesn't match value 'MDd_DynamicDebug' in CHUVToolsInit.obj
itkgdcmMSFF-4.13.lib(gdcmJPEG12Codec.obj) : error LNK2038: mismatch detected for '_ITERATOR_DEBUG_LEVEL': value '0' doesn't match value '2' in CHUVToolsInit.obj
itkgdcmMSFF-4.13.lib(gdcmJPEG12Codec.obj) : error LNK2038: mismatch detected for 'RuntimeLibrary': value 'MD_DynamicRelease' doesn't match value 'MDd_DynamicDebug' in CHUVToolsInit.obj
itkgdcmMSFF-4.13.lib(gdcmJPEG16Codec.obj) : error LNK2038: mismatch detected for '_ITERATOR_DEBUG_LEVEL': value '0' doesn't match value '2' in CHUVToolsInit.obj
itkgdcmMSFF-4.13.lib(gdcmJPEG16Codec.obj) : error LNK2038: mismatch detected for 'RuntimeLibrary': value 'MD_DynamicRelease' doesn't match value 'MDd_DynamicDebug' in CHUVToolsInit.obj
itkgdcmMSFF-4.13.lib(info.obj) : error LNK2038: mismatch detected for '_ITERATOR_DEBUG_LEVEL': value '0' doesn't match value '2' in CHUVToolsInit.obj
itkgdcmMSFF-4.13.lib(info.obj) : error LNK2038: mismatch detected for 'RuntimeLibrary': value 'MD_DynamicRelease' doesn't match value 'MDd_DynamicDebug' in CHUVToolsInit.obj
itkgdcmMSFF-4.13.lib(rle.obj) : error LNK2038: mismatch detected for '_ITERATOR_DEBUG_LEVEL': value '0' doesn't match value '2' in CHUVToolsInit.obj
itkgdcmMSFF-4.13.lib(rle.obj) : error LNK2038: mismatch detected for 'RuntimeLibrary': value 'MD_DynamicRelease' doesn't match value 'MDd_DynamicDebug' in CHUVToolsInit.obj
itkgdcmMSFF-4.13.lib(io.obj) : error LNK2038: mismatch detected for '_ITERATOR_DEBUG_LEVEL': value '0' doesn't match value '2' in CHUVToolsInit.obj
itkgdcmMSFF-4.13.lib(io.obj) : error LNK2038: mismatch detected for 'RuntimeLibrary': value 'MD_DynamicRelease' doesn't match value 'MDd_DynamicDebug' in CHUVToolsInit.obj
itkgdcmcharls-4.13.lib(interface.obj) : error LNK2038: mismatch detected for '_ITERATOR_DEBUG_LEVEL': value '0' doesn't match value '2' in CHUVToolsInit.obj
itkgdcmcharls-4.13.lib(interface.obj) : error LNK2038: mismatch detected for 'RuntimeLibrary': value 'MD_DynamicRelease' doesn't match value 'MDd_DynamicDebug' in CHUVToolsInit.obj
itkgdcmcharls-4.13.lib(header.obj) : error LNK2038: mismatch detected for '_ITERATOR_DEBUG_LEVEL': value '0' doesn't match value '2' in CHUVToolsInit.obj
itkgdcmcharls-4.13.lib(header.obj) : error LNK2038: mismatch detected for 'RuntimeLibrary': value 'MD_DynamicRelease' doesn't match value 'MDd_DynamicDebug' in CHUVToolsInit.obj
itkgdcmcharls-4.13.lib(jpegstreamwriter.obj) : error LNK2038: mismatch detected for '_ITERATOR_DEBUG_LEVEL': value '0' doesn't match value '2' in CHUVToolsInit.obj
itkgdcmcharls-4.13.lib(jpegstreamwriter.obj) : error LNK2038: mismatch detected for 'RuntimeLibrary': value 'MD_DynamicRelease' doesn't match value 'MDd_DynamicDebug' in CHUVToolsInit.obj
itkgdcmcharls-4.13.lib(jpegls.obj) : error LNK2038: mismatch detected for '_ITERATOR_DEBUG_LEVEL': value '0' doesn't match value '2' in CHUVToolsInit.obj
itkgdcmcharls-4.13.lib(jpegls.obj) : error LNK2038: mismatch detected for 'RuntimeLibrary': value 'MD_DynamicRelease' doesn't match value 'MDd_DynamicDebug' in CHUVToolsInit.obj
itkgdcmcharls-4.13.lib(jpegmarkersegment.obj) : error LNK2038: mismatch detected for '_ITERATOR_DEBUG_LEVEL': value '0' doesn't match value '2' in CHUVToolsInit.obj
itkgdcmcharls-4.13.lib(jpegmarkersegment.obj) : error LNK2038: mismatch detected for 'RuntimeLibrary': value 'MD_DynamicRelease' doesn't match value 'MDd_DynamicDebug' in CHUVToolsInit.obj
ITKCommon-4.13.lib(itkMetaDataObject.obj) : error LNK2038: mismatch detected for '_ITERATOR_DEBUG_LEVEL': value '0' doesn't match value '2' in CHUVToolsInit.obj
ITKCommon-4.13.lib(itkMetaDataObject.obj) : error LNK2038: mismatch detected for 'RuntimeLibrary': value 'MD_DynamicRelease' doesn't match value 'MDd_DynamicDebug' in CHUVToolsInit.obj
ITKCommon-4.13.lib(itkMetaDataObjectBase.obj) : error LNK2038: mismatch detected for '_ITERATOR_DEBUG_LEVEL': value '0' doesn't match value '2' in CHUVToolsInit.obj
ITKCommon-4.13.lib(itkMetaDataObjectBase.obj) : error LNK2038: mismatch detected for 'RuntimeLibrary': value 'MD_DynamicRelease' doesn't match value 'MDd_DynamicDebug' in CHUVToolsInit.obj
ITKCommon-4.13.lib(itkSpatialOrientationAdapter.obj) : error LNK2038: mismatch detected for '_ITERATOR_DEBUG_LEVEL': value '0' doesn't match value '2' in CHUVToolsInit.obj
ITKCommon-4.13.lib(itkSpatialOrientationAdapter.obj) : error LNK2038: mismatch detected for 'RuntimeLibrary': value 'MD_DynamicRelease' doesn't match value 'MDd_DynamicDebug' in CHUVToolsInit.obj
ITKCommon-4.13.lib(itkFloatingPointExceptions.obj) : error LNK2038: mismatch detected for '_ITERATOR_DEBUG_LEVEL': value '0' doesn't match value '2' in CHUVToolsInit.obj
ITKCommon-4.13.lib(itkFloatingPointExceptions.obj) : error LNK2038: mismatch detected for 'RuntimeLibrary': value 'MD_DynamicRelease' doesn't match value 'MDd_DynamicDebug' in CHUVToolsInit.obj
ITKCommon-4.13.lib(itkRealTimeStamp.obj) : error LNK2038: mismatch detected for '_ITERATOR_DEBUG_LEVEL': value '0' doesn't match value '2' in CHUVToolsInit.obj
ITKCommon-4.13.lib(itkRealTimeStamp.obj) : error LNK2038: mismatch detected for 'RuntimeLibrary': value 'MD_DynamicRelease' doesn't match value 'MDd_DynamicDebug' in CHUVToolsInit.obj
ITKCommon-4.13.lib(itkDataObject.obj) : error LNK2038: mismatch detected for '_ITERATOR_DEBUG_LEVEL': value '0' doesn't match value '2' in CHUVToolsInit.obj
ITKCommon-4.13.lib(itkDataObject.obj) : error LNK2038: mismatch detected for 'RuntimeLibrary': value 'MD_DynamicRelease' doesn't match value 'MDd_DynamicDebug' in CHUVToolsInit.obj
ITKCommon-4.13.lib(itkMultiThreader.obj) : error LNK2038: mismatch detected for '_ITERATOR_DEBUG_LEVEL': value '0' doesn't match value '2' in CHUVToolsInit.obj
ITKCommon-4.13.lib(itkMultiThreader.obj) : error LNK2038: mismatch detected for 'RuntimeLibrary': value 'MD_DynamicRelease' doesn't match value 'MDd_DynamicDebug' in CHUVToolsInit.obj
ITKCommon-4.13.lib(itkProcessObject.obj) : error LNK2038: mismatch detected for '_ITERATOR_DEBUG_LEVEL': value '0' doesn't match value '2' in CHUVToolsInit.obj
ITKCommon-4.13.lib(itkProcessObject.obj) : error LNK2038: mismatch detected for 'RuntimeLibrary': value 'MD_DynamicRelease' doesn't match value 'MDd_DynamicDebug' in CHUVToolsInit.obj
ITKCommon-4.13.lib(itkImageSourceCommon.obj) : error LNK2038: mismatch detected for '_ITERATOR_DEBUG_LEVEL': value '0' doesn't match value '2' in CHUVToolsInit.obj
ITKCommon-4.13.lib(itkImageSourceCommon.obj) : error LNK2038: mismatch detected for 'RuntimeLibrary': value 'MD_DynamicRelease' doesn't match value 'MDd_DynamicDebug' in CHUVToolsInit.obj
ITKCommon-4.13.lib(itkImageToImageFilterCommon.obj) : error LNK2038: mismatch detected for '_ITERATOR_DEBUG_LEVEL': value '0' doesn't match value '2' in CHUVToolsInit.obj
ITKCommon-4.13.lib(itkImageToImageFilterCommon.obj) : error LNK2038: mismatch detected for 'RuntimeLibrary': value 'MD_DynamicRelease' doesn't match value 'MDd_DynamicDebug' in CHUVToolsInit.obj
ITKCommon-4.13.lib(itkProgressReporter.obj) : error LNK2038: mismatch detected for '_ITERATOR_DEBUG_LEVEL': value '0' doesn't match value '2' in CHUVToolsInit.obj
ITKCommon-4.13.lib(itkProgressReporter.obj) : error LNK2038: mismatch detected for 'RuntimeLibrary': value 'MD_DynamicRelease' doesn't match value 'MDd_DynamicDebug' in CHUVToolsInit.obj
ITKCommon-4.13.lib(itkProgressAccumulator.obj) : error LNK2038: mismatch detected for '_ITERATOR_DEBUG_LEVEL': value '0' doesn't match value '2' in CHUVToolsInit.obj
ITKCommon-4.13.lib(itkProgressAccumulator.obj) : error LNK2038: mismatch detected for 'RuntimeLibrary': value 'MD_DynamicRelease' doesn't match value 'MDd_DynamicDebug' in CHUVToolsInit.obj
ITKCommon-4.13.lib(itkSmartPointerForwardReferenceProcessObject.obj) : error LNK2038: mismatch detected for '_ITERATOR_DEBUG_LEVEL': value '0' doesn't match value '2' in CHUVToolsInit.obj
ITKCommon-4.13.lib(itkSmartPointerForwardReferenceProcessObject.obj) : error LNK2038: mismatch detected for 'RuntimeLibrary': value 'MD_DynamicRelease' doesn't match value 'MDd_DynamicDebug' in CHUVToolsInit.obj
ITKCommon-4.13.lib(itkSimpleFastMutexLock.obj) : error LNK2038: mismatch detected for '_ITERATOR_DEBUG_LEVEL': value '0' doesn't match value '2' in CHUVToolsInit.obj
ITKCommon-4.13.lib(itkSimpleFastMutexLock.obj) : error LNK2038: mismatch detected for 'RuntimeLibrary': value 'MD_DynamicRelease' doesn't match value 'MDd_DynamicDebug' in CHUVToolsInit.obj
ITKCommon-4.13.lib(itkImageRegionSplitterSlowDimension.obj) : error LNK2038: mismatch detected for '_ITERATOR_DEBUG_LEVEL': value '0' doesn't match value '2' in CHUVToolsInit.obj
ITKCommon-4.13.lib(itkImageRegionSplitterSlowDimension.obj) : error LNK2038: mismatch detected for 'RuntimeLibrary': value 'MD_DynamicRelease' doesn't match value 'MDd_DynamicDebug' in CHUVToolsInit.obj
ITKCommon-4.13.lib(itkRealTimeInterval.obj) : error LNK2038: mismatch detected for '_ITERATOR_DEBUG_LEVEL': value '0' doesn't match value '2' in CHUVToolsInit.obj
ITKCommon-4.13.lib(itkRealTimeInterval.obj) : error LNK2038: mismatch detected for 'RuntimeLibrary': value 'MD_DynamicRelease' doesn't match value 'MDd_DynamicDebug' in CHUVToolsInit.obj
ITKCommon-4.13.lib(itkMutexLock.obj) : error LNK2038: mismatch detected for '_ITERATOR_DEBUG_LEVEL': value '0' doesn't match value '2' in CHUVToolsInit.obj
ITKCommon-4.13.lib(itkMutexLock.obj) : error LNK2038: mismatch detected for 'RuntimeLibrary': value 'MD_DynamicRelease' doesn't match value 'MDd_DynamicDebug' in CHUVToolsInit.obj
ITKCommon-4.13.lib(itkThreadPool.obj) : error LNK2038: mismatch detected for '_ITERATOR_DEBUG_LEVEL': value '0' doesn't match value '2' in CHUVToolsInit.obj
ITKCommon-4.13.lib(itkThreadPool.obj) : error LNK2038: mismatch detected for 'RuntimeLibrary': value 'MD_DynamicRelease' doesn't match value 'MDd_DynamicDebug' in CHUVToolsInit.obj
ITKCommon-4.13.lib(itkCommand.obj) : error LNK2038: mismatch detected for '_ITERATOR_DEBUG_LEVEL': value '0' doesn't match value '2' in CHUVToolsInit.obj
ITKCommon-4.13.lib(itkCommand.obj) : error LNK2038: mismatch detected for 'RuntimeLibrary': value 'MD_DynamicRelease' doesn't match value 'MDd_DynamicDebug' in CHUVToolsInit.obj
ITKCommon-4.13.lib(itkImageRegionSplitterBase.obj) : error LNK2038: mismatch detected for '_ITERATOR_DEBUG_LEVEL': value '0' doesn't match value '2' in CHUVToolsInit.obj
ITKCommon-4.13.lib(itkImageRegionSplitterBase.obj) : error LNK2038: mismatch detected for 'RuntimeLibrary': value 'MD_DynamicRelease' doesn't match value 'MDd_DynamicDebug' in CHUVToolsInit.obj
ITKCommon-4.13.lib(itkThreadPoolWin32.obj) : error LNK2038: mismatch detected for '_ITERATOR_DEBUG_LEVEL': value '0' doesn't match value '2' in CHUVToolsInit.obj
ITKCommon-4.13.lib(itkThreadPoolWin32.obj) : error LNK2038: mismatch detected for 'RuntimeLibrary': value 'MD_DynamicRelease' doesn't match value 'MDd_DynamicDebug' in CHUVToolsInit.obj
ITKVNLInstantiation-4.13.lib(vnl_vector+char-.obj) : error LNK2038: mismatch detected for '_ITERATOR_DEBUG_LEVEL': value '0' doesn't match value '2' in CHUVToolsInit.obj
ITKVNLInstantiation-4.13.lib(vnl_vector+char-.obj) : error LNK2038: mismatch detected for 'RuntimeLibrary': value 'MD_DynamicRelease' doesn't match value 'MDd_DynamicDebug' in CHUVToolsInit.obj
ITKVNLInstantiation-4.13.lib(vnl_vector+short-.obj) : error LNK2038: mismatch detected for '_ITERATOR_DEBUG_LEVEL': value '0' doesn't match value '2' in CHUVToolsInit.obj
ITKVNLInstantiation-4.13.lib(vnl_vector+short-.obj) : error LNK2038: mismatch detected for 'RuntimeLibrary': value 'MD_DynamicRelease' doesn't match value 'MDd_DynamicDebug' in CHUVToolsInit.obj
ITKVNLInstantiation-4.13.lib(vnl_c_vector+char-.obj) : error LNK2038: mismatch detected for '_ITERATOR_DEBUG_LEVEL': value '0' doesn't match value '2' in CHUVToolsInit.obj
ITKVNLInstantiation-4.13.lib(vnl_c_vector+char-.obj) : error LNK2038: mismatch detected for 'RuntimeLibrary': value 'MD_DynamicRelease' doesn't match value 'MDd_DynamicDebug' in CHUVToolsInit.obj
ITKVNLInstantiation-4.13.lib(vnl_matrix+char-.obj) : error LNK2038: mismatch detected for '_ITERATOR_DEBUG_LEVEL': value '0' doesn't match value '2' in CHUVToolsInit.obj
ITKVNLInstantiation-4.13.lib(vnl_matrix+char-.obj) : error LNK2038: mismatch detected for 'RuntimeLibrary': value 'MD_DynamicRelease' doesn't match value 'MDd_DynamicDebug' in CHUVToolsInit.obj
ITKVNLInstantiation-4.13.lib(vnl_c_vector+short-.obj) : error LNK2038: mismatch detected for '_ITERATOR_DEBUG_LEVEL': value '0' doesn't match value '2' in CHUVToolsInit.obj
ITKVNLInstantiation-4.13.lib(vnl_c_vector+short-.obj) : error LNK2038: mismatch detected for 'RuntimeLibrary': value 'MD_DynamicRelease' doesn't match value 'MDd_DynamicDebug' in CHUVToolsInit.obj
ITKVNLInstantiation-4.13.lib(vnl_matrix+short-.obj) : error LNK2038: mismatch detected for '_ITERATOR_DEBUG_LEVEL': value '0' doesn't match value '2' in CHUVToolsInit.obj
ITKVNLInstantiation-4.13.lib(vnl_matrix+short-.obj) : error LNK2038: mismatch detected for 'RuntimeLibrary': value 'MD_DynamicRelease' doesn't match value 'MDd_DynamicDebug' in CHUVToolsInit.obj
itkvcl-4.13.lib(vcl_deprecated.obj) : error LNK2038: mismatch detected for '_ITERATOR_DEBUG_LEVEL': value '0' doesn't match value '2' in CHUVToolsInit.obj
itkvcl-4.13.lib(vcl_deprecated.obj) : error LNK2038: mismatch detected for 'RuntimeLibrary': value 'MD_DynamicRelease' doesn't match value 'MDd_DynamicDebug' in CHUVToolsInit.obj
itkvnl-4.13.lib(vnl_fortran_copy+double-.obj) : error LNK2038: mismatch detected for '_ITERATOR_DEBUG_LEVEL': value '0' doesn't match value '2' in CHUVToolsInit.obj
itkvnl-4.13.lib(vnl_fortran_copy+double-.obj) : error LNK2038: mismatch detected for 'RuntimeLibrary': value 'MD_DynamicRelease' doesn't match value 'MDd_DynamicDebug' in CHUVToolsInit.obj
itkvnl-4.13.lib(vnl_matlab_print+double-.obj) : error LNK2038: mismatch detected for '_ITERATOR_DEBUG_LEVEL': value '0' doesn't match value '2' in CHUVToolsInit.obj
itkvnl-4.13.lib(vnl_matlab_print+double-.obj) : error LNK2038: mismatch detected for 'RuntimeLibrary': value 'MD_DynamicRelease' doesn't match value 'MDd_DynamicDebug' in CHUVToolsInit.obj
itkvnl-4.13.lib(vnl_diag_matrix+double-.obj) : error LNK2038: mismatch detected for '_ITERATOR_DEBUG_LEVEL': value '0' doesn't match value '2' in CHUVToolsInit.obj
itkvnl-4.13.lib(vnl_diag_matrix+double-.obj) : error LNK2038: mismatch detected for 'RuntimeLibrary': value 'MD_DynamicRelease' doesn't match value 'MDd_DynamicDebug' in CHUVToolsInit.obj
itkvnl-4.13.lib(vnl_vector+uchar-.obj) : error LNK2038: mismatch detected for '_ITERATOR_DEBUG_LEVEL': value '0' doesn't match value '2' in CHUVToolsInit.obj
itkvnl-4.13.lib(vnl_vector+uchar-.obj) : error LNK2038: mismatch detected for 'RuntimeLibrary': value 'MD_DynamicRelease' doesn't match value 'MDd_DynamicDebug' in CHUVToolsInit.obj
itkvnl-4.13.lib(vnl_vector+long-.obj) : error LNK2038: mismatch detected for '_ITERATOR_DEBUG_LEVEL': value '0' doesn't match value '2' in CHUVToolsInit.obj
itkvnl-4.13.lib(vnl_vector+long-.obj) : error LNK2038: mismatch detected for 'RuntimeLibrary': value 'MD_DynamicRelease' doesn't match value 'MDd_DynamicDebug' in CHUVToolsInit.obj
itkvnl-4.13.lib(vnl_vector+ulong-.obj) : error LNK2038: mismatch detected for '_ITERATOR_DEBUG_LEVEL': value '0' doesn't match value '2' in CHUVToolsInit.obj
itkvnl-4.13.lib(vnl_vector+ulong-.obj) : error LNK2038: mismatch detected for 'RuntimeLibrary': value 'MD_DynamicRelease' doesn't match value 'MDd_DynamicDebug' in CHUVToolsInit.obj
itkvnl-4.13.lib(vnl_vector+longlong-.obj) : error LNK2038: mismatch detected for '_ITERATOR_DEBUG_LEVEL': value '0' doesn't match value '2' in CHUVToolsInit.obj
itkvnl-4.13.lib(vnl_vector+longlong-.obj) : error LNK2038: mismatch detected for 'RuntimeLibrary': value 'MD_DynamicRelease' doesn't match value 'MDd_DynamicDebug' in CHUVToolsInit.obj
itkvnl-4.13.lib(vnl_vector+ulonglong-.obj) : error LNK2038: mismatch detected for '_ITERATOR_DEBUG_LEVEL': value '0' doesn't match value '2' in CHUVToolsInit.obj
itkvnl-4.13.lib(vnl_vector+ulonglong-.obj) : error LNK2038: mismatch detected for 'RuntimeLibrary': value 'MD_DynamicRelease' doesn't match value 'MDd_DynamicDebug' in CHUVToolsInit.obj
itkvnl-4.13.lib(vnl_matlab_print_scalar.obj) : error LNK2038: mismatch detected for '_ITERATOR_DEBUG_LEVEL': value '0' doesn't match value '2' in CHUVToolsInit.obj
itkvnl-4.13.lib(vnl_matlab_print_scalar.obj) : error LNK2038: mismatch detected for 'RuntimeLibrary': value 'MD_DynamicRelease' doesn't match value 'MDd_DynamicDebug' in CHUVToolsInit.obj
itkvnl-4.13.lib(vnl_c_vector+uchar-.obj) : error LNK2038: mismatch detected for '_ITERATOR_DEBUG_LEVEL': value '0' doesn't match value '2' in CHUVToolsInit.obj
itkvnl-4.13.lib(vnl_c_vector+uchar-.obj) : error LNK2038: mismatch detected for 'RuntimeLibrary': value 'MD_DynamicRelease' doesn't match value 'MDd_DynamicDebug' in CHUVToolsInit.obj
itkvnl-4.13.lib(vnl_matrix+uchar-.obj) : error LNK2038: mismatch detected for '_ITERATOR_DEBUG_LEVEL': value '0' doesn't match value '2' in CHUVToolsInit.obj
itkvnl-4.13.lib(vnl_matrix+uchar-.obj) : error LNK2038: mismatch detected for 'RuntimeLibrary': value 'MD_DynamicRelease' doesn't match value 'MDd_DynamicDebug' in CHUVToolsInit.obj
itkvnl-4.13.lib(vnl_c_vector+long-.obj) : error LNK2038: mismatch detected for '_ITERATOR_DEBUG_LEVEL': value '0' doesn't match value '2' in CHUVToolsInit.obj
itkvnl-4.13.lib(vnl_c_vector+long-.obj) : error LNK2038: mismatch detected for 'RuntimeLibrary': value 'MD_DynamicRelease' doesn't match value 'MDd_DynamicDebug' in CHUVToolsInit.obj
itkvnl-4.13.lib(vnl_matrix+long-.obj) : error LNK2038: mismatch detected for '_ITERATOR_DEBUG_LEVEL': value '0' doesn't match value '2' in CHUVToolsInit.obj
itkvnl-4.13.lib(vnl_matrix+long-.obj) : error LNK2038: mismatch detected for 'RuntimeLibrary': value 'MD_DynamicRelease' doesn't match value 'MDd_DynamicDebug' in CHUVToolsInit.obj
itkvnl-4.13.lib(vnl_c_vector+ulong-.obj) : error LNK2038: mismatch detected for '_ITERATOR_DEBUG_LEVEL': value '0' doesn't match value '2' in CHUVToolsInit.obj
itkvnl-4.13.lib(vnl_c_vector+ulong-.obj) : error LNK2038: mismatch detected for 'RuntimeLibrary': value 'MD_DynamicRelease' doesn't match value 'MDd_DynamicDebug' in CHUVToolsInit.obj
itkvnl-4.13.lib(vnl_matrix+ulong-.obj) : error LNK2038: mismatch detected for '_ITERATOR_DEBUG_LEVEL': value '0' doesn't match value '2' in CHUVToolsInit.obj
itkvnl-4.13.lib(vnl_matrix+ulong-.obj) : error LNK2038: mismatch detected for 'RuntimeLibrary': value 'MD_DynamicRelease' doesn't match value 'MDd_DynamicDebug' in CHUVToolsInit.obj
itkvnl-4.13.lib(vnl_c_vector+longlong-.obj) : error LNK2038: mismatch detected for '_ITERATOR_DEBUG_LEVEL': value '0' doesn't match value '2' in CHUVToolsInit.obj
itkvnl-4.13.lib(vnl_c_vector+longlong-.obj) : error LNK2038: mismatch detected for 'RuntimeLibrary': value 'MD_DynamicRelease' doesn't match value 'MDd_DynamicDebug' in CHUVToolsInit.obj
itkvnl-4.13.lib(vnl_matrix+longlong-.obj) : error LNK2038: mismatch detected for '_ITERATOR_DEBUG_LEVEL': value '0' doesn't match value '2' in CHUVToolsInit.obj
itkvnl-4.13.lib(vnl_matrix+longlong-.obj) : error LNK2038: mismatch detected for 'RuntimeLibrary': value 'MD_DynamicRelease' doesn't match value 'MDd_DynamicDebug' in CHUVToolsInit.obj
itkvnl-4.13.lib(vnl_c_vector+ulonglong-.obj) : error LNK2038: mismatch detected for '_ITERATOR_DEBUG_LEVEL': value '0' doesn't match value '2' in CHUVToolsInit.obj
itkvnl-4.13.lib(vnl_c_vector+ulonglong-.obj) : error LNK2038: mismatch detected for 'RuntimeLibrary': value 'MD_DynamicRelease' doesn't match value 'MDd_DynamicDebug' in CHUVToolsInit.obj
itkvnl-4.13.lib(vnl_matrix+ulonglong-.obj) : error LNK2038: mismatch detected for '_ITERATOR_DEBUG_LEVEL': value '0' doesn't match value '2' in CHUVToolsInit.obj
itkvnl-4.13.lib(vnl_matrix+ulonglong-.obj) : error LNK2038: mismatch detected for 'RuntimeLibrary': value 'MD_DynamicRelease' doesn't match value 'MDd_DynamicDebug' in CHUVToolsInit.obj
itkvnl-4.13.lib(vnl_matlab_print_format.obj) : error LNK2038: mismatch detected for '_ITERATOR_DEBUG_LEVEL': value '0' doesn't match value '2' in CHUVToolsInit.obj
itkvnl-4.13.lib(vnl_matlab_print_format.obj) : error LNK2038: mismatch detected for 'RuntimeLibrary': value 'MD_DynamicRelease' doesn't match value 'MDd_DynamicDebug' in CHUVToolsInit.obj
itkgdcmCommon-4.13.lib(gdcmSystem.obj) : error LNK2038: mismatch detected for '_ITERATOR_DEBUG_LEVEL': value '0' doesn't match value '2' in CHUVToolsInit.obj
itkgdcmCommon-4.13.lib(gdcmSystem.obj) : error LNK2038: mismatch detected for 'RuntimeLibrary': value 'MD_DynamicRelease' doesn't match value 'MDd_DynamicDebug' in CHUVToolsInit.obj
itkgdcmCommon-4.13.lib(gdcmFilename.obj) : error LNK2038: mismatch detected for '_ITERATOR_DEBUG_LEVEL': value '0' doesn't match value '2' in CHUVToolsInit.obj
itkgdcmCommon-4.13.lib(gdcmFilename.obj) : error LNK2038: mismatch detected for 'RuntimeLibrary': value 'MD_DynamicRelease' doesn't match value 'MDd_DynamicDebug' in CHUVToolsInit.obj
itkgdcmCommon-4.13.lib(gdcmSwapCode.obj) : error LNK2038: mismatch detected for '_ITERATOR_DEBUG_LEVEL': value '0' doesn't match value '2' in CHUVToolsInit.obj
itkgdcmCommon-4.13.lib(gdcmSwapCode.obj) : error LNK2038: mismatch detected for 'RuntimeLibrary': value 'MD_DynamicRelease' doesn't match value 'MDd_DynamicDebug' in CHUVToolsInit.obj
itkgdcmCommon-4.13.lib(gdcmUnpacker12Bits.obj) : error LNK2038: mismatch detected for '_ITERATOR_DEBUG_LEVEL': value '0' doesn't match value '2' in CHUVToolsInit.obj
itkgdcmCommon-4.13.lib(gdcmUnpacker12Bits.obj) : error LNK2038: mismatch detected for 'RuntimeLibrary': value 'MD_DynamicRelease' doesn't match value 'MDd_DynamicDebug' in CHUVToolsInit.obj
itkgdcmCommon-4.13.lib(gdcmDirectory.obj) : error LNK2038: mismatch detected for '_ITERATOR_DEBUG_LEVEL': value '0' doesn't match value '2' in CHUVToolsInit.obj
itkgdcmCommon-4.13.lib(gdcmDirectory.obj) : error LNK2038: mismatch detected for 'RuntimeLibrary': value 'MD_DynamicRelease' doesn't match value 'MDd_DynamicDebug' in CHUVToolsInit.obj
itkvnl_algo-4.13.lib(vnl_determinant+double-.obj) : error LNK2038: mismatch detected for '_ITERATOR_DEBUG_LEVEL': value '0' doesn't match value '2' in CHUVToolsInit.obj
itkvnl_algo-4.13.lib(vnl_determinant+double-.obj) : error LNK2038: mismatch detected for 'RuntimeLibrary': value 'MD_DynamicRelease' doesn't match value 'MDd_DynamicDebug' in CHUVToolsInit.obj
itkvnl_algo-4.13.lib(vnl_qr+double-.obj) : error LNK2038: mismatch detected for '_ITERATOR_DEBUG_LEVEL': value '0' doesn't match value '2' in CHUVToolsInit.obj
itkvnl_algo-4.13.lib(vnl_qr+double-.obj) : error LNK2038: mismatch detected for 'RuntimeLibrary': value 'MD_DynamicRelease' doesn't match value 'MDd_DynamicDebug' in CHUVToolsInit.obj
     Creating library tmp\debug\obj\CHUVTools_d.lib and object tmp\debug\obj\CHUVTools_d.exp
LINK : warning LNK4098: defaultlib 'MSVCRT' conflicts with use of other libs; use /NODEFAULTLIB:library
tmp\debug\obj\CHUVTools_d.dll : fatal error LNK1319: 518 mismatches detected
